# JRE version: Java(TM) SE Runtime Environment (8.0_45-b15) (build 1.8.0_45-b15)
# Java VM: Java HotSpot(TM) 64-Bit Server VM (25.45-b02 mixed mode windows-amd64 compressed oops)
Heap:
 PSYoungGen      total 114688K, used 54016K [0x00000000f5580000, 0x00000000ffe00000, 0x0000000100000000)
  eden space 58880K, 80% used [0x00000000f5580000,0x00000000f83f6fd8,0x00000000f8f00000)
  from space 55808K, 11% used [0x00000000fc780000,0x00000000fcdc90a0,0x00000000ffe00000)
  to   space 56832K, 0% used [0x00000000f8f00000,0x00000000f8f00000,0x00000000fc680000)
 ParOldGen       total 197120K, used 52368K [0x00000000e0000000, 0x00000000ec080000, 0x00000000f5580000)
  object space 197120K, 26% used [0x00000000e0000000,0x00000000e3324328,0x00000000ec080000)
 Metaspace       used 90414K, capacity 97548K, committed 97664K, reserved 1134592K
  class space    used 11160K, capacity 13368K, committed 13440K, reserved 1048576K
GC Heap History (10 events):
Event: 537.635 GC heap before
{Heap before GC invocations=49 (full 10):
 PSYoungGen      total 116736K, used 83840K [0x00000000f5580000, 0x0000000100000000, 0x0000000100000000)
  eden space 58880K, 100% used [0x00000000f5580000,0x00000000f8f00000,0x00000000f8f00000)
  from space 57856K, 43% used [0x00000000fc780000,0x00000000fdfe0150,0x0000000100000000)
  to   space 57856K, 0% used [0x00000000f8f00000,0x00000000f8f00000,0x00000000fc780000)
 ParOldGen       total 241664K, used 137471K [0x00000000e0000000, 0x00000000eec00000, 0x00000000f5580000)
  object space 241664K, 56% used [0x00000000e0000000,0x00000000e863fcb8,0x00000000eec00000)
 Metaspace       used 86140K, capacity 93356K, committed 93696K, reserved 1130496K
  class space    used 10610K, capacity 12706K, committed 12800K, reserved 1048576K
Event: 537.705 GC heap after
Heap after GC invocations=49 (full 10):
 PSYoungGen      total 116736K, used 23325K [0x00000000f5580000, 0x0000000100000000, 0x0000000100000000)
  eden space 58880K, 0% used [0x00000000f5580000,0x00000000f5580000,0x00000000f8f00000)
  from space 57856K, 40% used [0x00000000f8f00000,0x00000000fa5c76a8,0x00000000fc780000)
  to   space 57856K, 0% used [0x00000000fc780000,0x00000000fc780000,0x0000000100000000)
 ParOldGen       total 241664K, used 162383K [0x00000000e0000000, 0x00000000eec00000, 0x00000000f5580000)
  object space 241664K, 67% used [0x00000000e0000000,0x00000000e9e93e08,0x00000000eec00000)
 Metaspace       used 86140K, capacity 93356K, committed 93696K, reserved 1130496K
  class space    used 10610K, capacity 12706K, committed 12800K, reserved 1048576K
}
Event: 538.028 GC heap before
{Heap before GC invocations=50 (full 10):
 PSYoungGen      total 116736K, used 82205K [0x00000000f5580000, 0x0000000100000000, 0x0000000100000000)
  eden space 58880K, 100% used [0x00000000f5580000,0x00000000f8f00000,0x00000000f8f00000)
  from space 57856K, 40% used [0x00000000f8f00000,0x00000000fa5c76a8,0x00000000fc780000)
  to   space 57856K, 0% used [0x00000000fc780000,0x00000000fc780000,0x0000000100000000)
 ParOldGen       total 241664K, used 162383K [0x00000000e0000000, 0x00000000eec00000, 0x00000000f5580000)
  object space 241664K, 67% used [0x00000000e0000000,0x00000000e9e93e08,0x00000000eec00000)
 Metaspace       used 86165K, capacity 93420K, committed 93696K, reserved 1130496K
  class space    used 10612K, capacity 12706K, committed 12800K, reserved 1048576K
Event: 538.103 GC heap after
Heap after GC invocations=50 (full 10):
 PSYoungGen      total 116736K, used 28352K [0x00000000f5580000, 0x0000000100000000, 0x0000000100000000)
  eden space 58880K, 0% used [0x00000000f5580000,0x00000000f5580000,0x00000000f8f00000)
  from space 57856K, 49% used [0x00000000fc780000,0x00000000fe330150,0x0000000100000000)
  to   space 57856K, 0% used [0x00000000f8f00000,0x00000000f8f00000,0x00000000fc780000)
 ParOldGen       total 241664K, used 185607K [0x00000000e0000000, 0x00000000eec00000, 0x00000000f5580000)
  object space 241664K, 76% used [0x00000000e0000000,0x00000000eb541f68,0x00000000eec00000)
 Metaspace       used 86165K, capacity 93420K, committed 93696K, reserved 1130496K
  class space    used 10612K, capacity 12706K, committed 12800K, reserved 1048576K
}
Event: 702.459 GC heap before
{Heap before GC invocations=51 (full 10):
 PSYoungGen      total 116736K, used 87232K [0x00000000f5580000, 0x0000000100000000, 0x0000000100000000)
  eden space 58880K, 100% used [0x00000000f5580000,0x00000000f8f00000,0x00000000f8f00000)
  from space 57856K, 49% used [0x00000000fc780000,0x00000000fe330150,0x0000000100000000)
  to   space 57856K, 0% used [0x00000000f8f00000,0x00000000f8f00000,0x00000000fc780000)
 ParOldGen       total 241664K, used 185607K [0x00000000e0000000, 0x00000000eec00000, 0x00000000f5580000)
  object space 241664K, 76% used [0x00000000e0000000,0x00000000eb541f68,0x00000000eec00000)
 Metaspace       used 87470K, capacity 94434K, committed 94592K, reserved 1130496K
  class space    used 10773K, capacity 12847K, committed 12928K, reserved 1048576K
Event: 702.504 GC heap after
Heap after GC invocations=51 (full 10):
 PSYoungGen      total 116736K, used 13559K [0x00000000f5580000, 0x0000000100000000, 0x0000000100000000)
  eden space 58880K, 0% used [0x00000000f5580000,0x00000000f5580000,0x00000000f8f00000)
  from space 57856K, 23% used [0x00000000f8f00000,0x00000000f9c3de38,0x00000000fc780000)
  to   space 57856K, 0% used [0x00000000fc780000,0x00000000fc780000,0x0000000100000000)
 ParOldGen       total 241664K, used 205792K [0x00000000e0000000, 0x00000000eec00000, 0x00000000f5580000)
  object space 241664K, 85% used [0x00000000e0000000,0x00000000ec8f8108,0x00000000eec00000)
 Metaspace       used 87470K, capacity 94434K, committed 94592K, reserved 1130496K
  class space    used 10773K, capacity 12847K, committed 12928K, reserved 1048576K
}
Event: 702.504 GC heap before
{Heap before GC invocations=52 (full 11):
 PSYoungGen      total 116736K, used 13559K [0x00000000f5580000, 0x0000000100000000, 0x0000000100000000)
  eden space 58880K, 0% used [0x00000000f5580000,0x00000000f5580000,0x00000000f8f00000)
  from space 57856K, 23% used [0x00000000f8f00000,0x00000000f9c3de38,0x00000000fc780000)
  to   space 57856K, 0% used [0x00000000fc780000,0x00000000fc780000,0x0000000100000000)
 ParOldGen       total 241664K, used 205792K [0x00000000e0000000, 0x00000000eec00000, 0x00000000f5580000)
  object space 241664K, 85% used [0x00000000e0000000,0x00000000ec8f8108,0x00000000eec00000)
 Metaspace       used 87470K, capacity 94434K, committed 94592K, reserved 1130496K
  class space    used 10773K, capacity 12847K, committed 12928K, reserved 1048576K
Event: 702.726 GC heap after
Heap after GC invocations=52 (full 11):
 PSYoungGen      total 116736K, used 0K [0x00000000f5580000, 0x0000000100000000, 0x0000000100000000)
  eden space 58880K, 0% used [0x00000000f5580000,0x00000000f5580000,0x00000000f8f00000)
  from space 57856K, 0% used [0x00000000f8f00000,0x00000000f8f00000,0x00000000fc780000)
  to   space 57856K, 0% used [0x00000000fc780000,0x00000000fc780000,0x0000000100000000)
 ParOldGen       total 197120K, used 52368K [0x00000000e0000000, 0x00000000ec080000, 0x00000000f5580000)
  object space 197120K, 26% used [0x00000000e0000000,0x00000000e3324328,0x00000000ec080000)
 Metaspace       used 87470K, capacity 94434K, committed 94592K, reserved 1130496K
  class space    used 10773K, capacity 12847K, committed 12928K, reserved 1048576K
}
Event: 728.385 GC heap before
{Heap before GC invocations=53 (full 11):
 PSYoungGen      total 116736K, used 58880K [0x00000000f5580000, 0x0000000100000000, 0x0000000100000000)
  eden space 58880K, 100% used [0x00000000f5580000,0x00000000f8f00000,0x00000000f8f00000)
  from space 57856K, 0% used [0x00000000f8f00000,0x00000000f8f00000,0x00000000fc780000)
  to   space 57856K, 0% used [0x00000000fc780000,0x00000000fc780000,0x0000000100000000)
 ParOldGen       total 197120K, used 52368K [0x00000000e0000000, 0x00000000ec080000, 0x00000000f5580000)
  object space 197120K, 26% used [0x00000000e0000000,0x00000000e3324328,0x00000000ec080000)
 Metaspace       used 89585K, capacity 96796K, committed 97024K, reserved 1132544K
  class space    used 11074K, capacity 13206K, committed 13312K, reserved 1048576K
Event: 728.401 GC heap after
Heap after GC invocations=53 (full 11):
 PSYoungGen      total 114688K, used 6436K [0x00000000f5580000, 0x00000000ffe00000, 0x0000000100000000)
  eden space 58880K, 0% used [0x00000000f5580000,0x00000000f5580000,0x00000000f8f00000)
  from space 55808K, 11% used [0x00000000fc780000,0x00000000fcdc90a0,0x00000000ffe00000)
  to   space 56832K, 0% used [0x00000000f8f00000,0x00000000f8f00000,0x00000000fc680000)
 ParOldGen       total 197120K, used 52368K [0x00000000e0000000, 0x00000000ec080000, 0x00000000f5580000)
  object space 197120K, 26% used [0x00000000e0000000,0x00000000e3324328,0x00000000ec080000)
 Metaspace       used 89585K, capacity 96796K, committed 97024K, reserved 1132544K
  class space    used 11074K, capacity 13206K, committed 13312K, reserved 1048576K
}

