# JRE version: Java(TM) SE Runtime Environment (8.0_45-b15) (build 1.8.0_45-b15)
# Java VM: Java HotSpot(TM) 64-Bit Server VM (25.45-b02 mixed mode windows-amd64 compressed oops)
Heap:
 PSYoungGen      total 122880K, used 85158K [0x00000000f5580000, 0x00000000fe500000, 0x0000000100000000)
  eden space 108032K, 69% used [0x00000000f5580000,0x00000000f9e7d810,0x00000000fbf00000)
  from space 14848K, 70% used [0x00000000fd680000,0x00000000fe0ac100,0x00000000fe500000)
  to   space 19456K, 0% used [0x00000000fbf00000,0x00000000fbf00000,0x00000000fd200000)
 ParOldGen       total 207872K, used 70071K [0x00000000e0000000, 0x00000000ecb00000, 0x00000000f5580000)
  object space 207872K, 33% used [0x00000000e0000000,0x00000000e446de70,0x00000000ecb00000)
 Metaspace       used 90781K, capacity 97716K, committed 97920K, reserved 1134592K
  class space    used 10761K, capacity 12890K, committed 12928K, reserved 1048576K
GC Heap History (10 events):
Event: 3451.643 GC heap before
{Heap before GC invocations=43 (full 11):
 PSYoungGen      total 148480K, used 136253K [0x00000000f5580000, 0x00000000ffd00000, 0x0000000100000000)
  eden space 126976K, 100% used [0x00000000f5580000,0x00000000fd180000,0x00000000fd180000)
  from space 21504K, 43% used [0x00000000fd180000,0x00000000fda8f7d0,0x00000000fe680000)
  to   space 20480K, 0% used [0x00000000fe900000,0x00000000fe900000,0x00000000ffd00000)
 ParOldGen       total 207872K, used 70039K [0x00000000e0000000, 0x00000000ecb00000, 0x00000000f5580000)
  object space 207872K, 33% used [0x00000000e0000000,0x00000000e4465e70,0x00000000ecb00000)
 Metaspace       used 89141K, capacity 95648K, committed 95744K, reserved 1132544K
  class space    used 10650K, capacity 12714K, committed 12800K, reserved 1048576K
Event: 3451.656 GC heap after
Heap after GC invocations=43 (full 11):
 PSYoungGen      total 133632K, used 9171K [0x00000000f5580000, 0x00000000ff380000, 0x0000000100000000)
  eden space 122880K, 0% used [0x00000000f5580000,0x00000000f5580000,0x00000000fcd80000)
  from space 10752K, 85% used [0x00000000fe900000,0x00000000ff1f4f68,0x00000000ff380000)
  to   space 19456K, 0% used [0x00000000fcd80000,0x00000000fcd80000,0x00000000fe080000)
 ParOldGen       total 207872K, used 70039K [0x00000000e0000000, 0x00000000ecb00000, 0x00000000f5580000)
  object space 207872K, 33% used [0x00000000e0000000,0x00000000e4465e70,0x00000000ecb00000)
 Metaspace       used 89141K, capacity 95648K, committed 95744K, reserved 1132544K
  class space    used 10650K, capacity 12714K, committed 12800K, reserved 1048576K
}
Event: 3636.069 GC heap before
{Heap before GC invocations=44 (full 11):
 PSYoungGen      total 133632K, used 132051K [0x00000000f5580000, 0x00000000ff380000, 0x0000000100000000)
  eden space 122880K, 100% used [0x00000000f5580000,0x00000000fcd80000,0x00000000fcd80000)
  from space 10752K, 85% used [0x00000000fe900000,0x00000000ff1f4f68,0x00000000ff380000)
  to   space 19456K, 0% used [0x00000000fcd80000,0x00000000fcd80000,0x00000000fe080000)
 ParOldGen       total 207872K, used 70039K [0x00000000e0000000, 0x00000000ecb00000, 0x00000000f5580000)
  object space 207872K, 33% used [0x00000000e0000000,0x00000000e4465e70,0x00000000ecb00000)
 Metaspace       used 89714K, capacity 96284K, committed 96512K, reserved 1132544K
  class space    used 10692K, capacity 12758K, committed 12800K, reserved 1048576K
Event: 3636.081 GC heap after
Heap after GC invocations=44 (full 11):
 PSYoungGen      total 128512K, used 9670K [0x00000000f5580000, 0x00000000fee80000, 0x0000000100000000)
  eden space 118784K, 0% used [0x00000000f5580000,0x00000000f5580000,0x00000000fc980000)
  from space 9728K, 99% used [0x00000000fcd80000,0x00000000fd6f1868,0x00000000fd700000)
  to   space 18944K, 0% used [0x00000000fdc00000,0x00000000fdc00000,0x00000000fee80000)
 ParOldGen       total 207872K, used 70047K [0x00000000e0000000, 0x00000000ecb00000, 0x00000000f5580000)
  object space 207872K, 33% used [0x00000000e0000000,0x00000000e4467e70,0x00000000ecb00000)
 Metaspace       used 89714K, capacity 96284K, committed 96512K, reserved 1132544K
  class space    used 10692K, capacity 12758K, committed 12800K, reserved 1048576K
}
Event: 3700.573 GC heap before
{Heap before GC invocations=45 (full 11):
 PSYoungGen      total 128512K, used 128454K [0x00000000f5580000, 0x00000000fee80000, 0x0000000100000000)
  eden space 118784K, 100% used [0x00000000f5580000,0x00000000fc980000,0x00000000fc980000)
  from space 9728K, 99% used [0x00000000fcd80000,0x00000000fd6f1868,0x00000000fd700000)
  to   space 18944K, 0% used [0x00000000fdc00000,0x00000000fdc00000,0x00000000fee80000)
 ParOldGen       total 207872K, used 70047K [0x00000000e0000000, 0x00000000ecb00000, 0x00000000f5580000)
  object space 207872K, 33% used [0x00000000e0000000,0x00000000e4467e70,0x00000000ecb00000)
 Metaspace       used 89860K, capacity 96482K, committed 96768K, reserved 1132544K
  class space    used 10692K, capacity 12759K, committed 12800K, reserved 1048576K
Event: 3700.589 GC heap after
Heap after GC invocations=45 (full 11):
 PSYoungGen      total 132608K, used 14430K [0x00000000f5580000, 0x00000000fed00000, 0x0000000100000000)
  eden space 115200K, 0% used [0x00000000f5580000,0x00000000f5580000,0x00000000fc600000)
  from space 17408K, 82% used [0x00000000fdc00000,0x00000000fea17a78,0x00000000fed00000)
  to   space 19968K, 0% used [0x00000000fc600000,0x00000000fc600000,0x00000000fd980000)
 ParOldGen       total 207872K, used 70055K [0x00000000e0000000, 0x00000000ecb00000, 0x00000000f5580000)
  object space 207872K, 33% used [0x00000000e0000000,0x00000000e4469e70,0x00000000ecb00000)
 Metaspace       used 89860K, capacity 96482K, committed 96768K, reserved 1132544K
  class space    used 10692K, capacity 12759K, committed 12800K, reserved 1048576K
}
Event: 3770.148 GC heap before
{Heap before GC invocations=46 (full 11):
 PSYoungGen      total 132608K, used 129630K [0x00000000f5580000, 0x00000000fed00000, 0x0000000100000000)
  eden space 115200K, 100% used [0x00000000f5580000,0x00000000fc600000,0x00000000fc600000)
  from space 17408K, 82% used [0x00000000fdc00000,0x00000000fea17a78,0x00000000fed00000)
  to   space 19968K, 0% used [0x00000000fc600000,0x00000000fc600000,0x00000000fd980000)
 ParOldGen       total 207872K, used 70055K [0x00000000e0000000, 0x00000000ecb00000, 0x00000000f5580000)
  object space 207872K, 33% used [0x00000000e0000000,0x00000000e4469e70,0x00000000ecb00000)
 Metaspace       used 89961K, capacity 96674K, committed 96768K, reserved 1132544K
  class space    used 10698K, capacity 12759K, committed 12800K, reserved 1048576K
Event: 3770.160 GC heap after
Heap after GC invocations=46 (full 11):
 PSYoungGen      total 125440K, used 13367K [0x00000000f5580000, 0x00000000fea80000, 0x0000000100000000)
  eden space 111616K, 0% used [0x00000000f5580000,0x00000000f5580000,0x00000000fc280000)
  from space 13824K, 96% used [0x00000000fc600000,0x00000000fd30df48,0x00000000fd380000)
  to   space 20480K, 0% used [0x00000000fd680000,0x00000000fd680000,0x00000000fea80000)
 ParOldGen       total 207872K, used 70063K [0x00000000e0000000, 0x00000000ecb00000, 0x00000000f5580000)
  object space 207872K, 33% used [0x00000000e0000000,0x00000000e446be70,0x00000000ecb00000)
 Metaspace       used 89961K, capacity 96674K, committed 96768K, reserved 1132544K
  class space    used 10698K, capacity 12759K, committed 12800K, reserved 1048576K
}
Event: 4099.492 GC heap before
{Heap before GC invocations=47 (full 11):
 PSYoungGen      total 125440K, used 124983K [0x00000000f5580000, 0x00000000fea80000, 0x0000000100000000)
  eden space 111616K, 100% used [0x00000000f5580000,0x00000000fc280000,0x00000000fc280000)
  from space 13824K, 96% used [0x00000000fc600000,0x00000000fd30df48,0x00000000fd380000)
  to   space 20480K, 0% used [0x00000000fd680000,0x00000000fd680000,0x00000000fea80000)
 ParOldGen       total 207872K, used 70063K [0x00000000e0000000, 0x00000000ecb00000, 0x00000000f5580000)
  object space 207872K, 33% used [0x00000000e0000000,0x00000000e446be70,0x00000000ecb00000)
 Metaspace       used 90137K, capacity 97064K, committed 97280K, reserved 1134592K
  class space    used 10700K, capacity 12760K, committed 12800K, reserved 1048576K
Event: 4099.509 GC heap after
Heap after GC invocations=47 (full 11):
 PSYoungGen      total 122880K, used 10416K [0x00000000f5580000, 0x00000000fe500000, 0x0000000100000000)
  eden space 108032K, 0% used [0x00000000f5580000,0x00000000f5580000,0x00000000fbf00000)
  from space 14848K, 70% used [0x00000000fd680000,0x00000000fe0ac100,0x00000000fe500000)
  to   space 19456K, 0% used [0x00000000fbf00000,0x00000000fbf00000,0x00000000fd200000)
 ParOldGen       total 207872K, used 70071K [0x00000000e0000000, 0x00000000ecb00000, 0x00000000f5580000)
  object space 207872K, 33% used [0x00000000e0000000,0x00000000e446de70,0x00000000ecb00000)
 Metaspace       used 90137K, capacity 97064K, committed 97280K, reserved 1134592K
  class space    used 10700K, capacity 12760K, committed 12800K, reserved 1048576K
}

