# JRE version: Java(TM) SE Runtime Environment (8.0_45-b15) (build 1.8.0_45-b15)
# Java VM: Java HotSpot(TM) 64-Bit Server VM (25.45-b02 mixed mode windows-amd64 compressed oops)
Heap:
 PSYoungGen      total 141824K, used 100107K [0x00000000f5580000, 0x0000000100000000, 0x0000000100000000)
  eden space 112128K, 83% used [0x00000000f5580000,0x00000000fb071d08,0x00000000fc300000)
  from space 29696K, 23% used [0x00000000fdf80000,0x00000000fe6511c8,0x00000000ffc80000)
  to   space 29184K, 0% used [0x00000000fc300000,0x00000000fc300000,0x00000000fdf80000)
 ParOldGen       total 99328K, used 52391K [0x00000000e0000000, 0x00000000e6100000, 0x00000000f5580000)
  object space 99328K, 52% used [0x00000000e0000000,0x00000000e3329d68,0x00000000e6100000)
 Metaspace       used 80692K, capacity 87302K, committed 87552K, reserved 1124352K
  class space    used 9913K, capacity 12012K, committed 12032K, reserved 1048576K
GC Heap History (10 events):
Event: 44.024 GC heap before
{Heap before GC invocations=14 (full 3):
 PSYoungGen      total 119808K, used 114426K [0x00000000f5580000, 0x00000000fe180000, 0x0000000100000000)
  eden space 98304K, 100% used [0x00000000f5580000,0x00000000fb580000,0x00000000fb580000)
  from space 21504K, 74% used [0x00000000fcc00000,0x00000000fdbbe8c8,0x00000000fe100000)
  to   space 22528K, 0% used [0x00000000fb580000,0x00000000fb580000,0x00000000fcb80000)
 ParOldGen       total 99328K, used 41740K [0x00000000e0000000, 0x00000000e6100000, 0x00000000f5580000)
  object space 99328K, 42% used [0x00000000e0000000,0x00000000e28c30c0,0x00000000e6100000)
 Metaspace       used 71079K, capacity 76890K, committed 76928K, reserved 1116160K
  class space    used 8782K, capacity 10593K, committed 10624K, reserved 1048576K
Event: 44.055 GC heap after
Heap after GC invocations=14 (full 3):
 PSYoungGen      total 120832K, used 22503K [0x00000000f5580000, 0x00000000ff980000, 0x0000000100000000)
  eden space 98304K, 0% used [0x00000000f5580000,0x00000000f5580000,0x00000000fb580000)
  from space 22528K, 99% used [0x00000000fb580000,0x00000000fcb79d88,0x00000000fcb80000)
  to   space 26624K, 0% used [0x00000000fdf80000,0x00000000fdf80000,0x00000000ff980000)
 ParOldGen       total 99328K, used 43470K [0x00000000e0000000, 0x00000000e6100000, 0x00000000f5580000)
  object space 99328K, 43% used [0x00000000e0000000,0x00000000e2a73890,0x00000000e6100000)
 Metaspace       used 71079K, capacity 76890K, committed 76928K, reserved 1116160K
  class space    used 8782K, capacity 10593K, committed 10624K, reserved 1048576K
}
Event: 64.704 GC heap before
{Heap before GC invocations=15 (full 3):
 PSYoungGen      total 120832K, used 120807K [0x00000000f5580000, 0x00000000ff980000, 0x0000000100000000)
  eden space 98304K, 100% used [0x00000000f5580000,0x00000000fb580000,0x00000000fb580000)
  from space 22528K, 99% used [0x00000000fb580000,0x00000000fcb79d88,0x00000000fcb80000)
  to   space 26624K, 0% used [0x00000000fdf80000,0x00000000fdf80000,0x00000000ff980000)
 ParOldGen       total 99328K, used 43470K [0x00000000e0000000, 0x00000000e6100000, 0x00000000f5580000)
  object space 99328K, 43% used [0x00000000e0000000,0x00000000e2a73890,0x00000000e6100000)
 Metaspace       used 75513K, capacity 81670K, committed 81920K, reserved 1120256K
  class space    used 9295K, capacity 11227K, committed 11264K, reserved 1048576K
Event: 64.737 GC heap after
Heap after GC invocations=15 (full 3):
 PSYoungGen      total 138240K, used 22576K [0x00000000f5580000, 0x00000000ffa80000, 0x0000000100000000)
  eden space 111616K, 0% used [0x00000000f5580000,0x00000000f5580000,0x00000000fc280000)
  from space 26624K, 84% used [0x00000000fdf80000,0x00000000ff58c1a0,0x00000000ff980000)
  to   space 28672K, 0% used [0x00000000fc280000,0x00000000fc280000,0x00000000fde80000)
 ParOldGen       total 99328K, used 43478K [0x00000000e0000000, 0x00000000e6100000, 0x00000000f5580000)
  object space 99328K, 43% used [0x00000000e0000000,0x00000000e2a75890,0x00000000e6100000)
 Metaspace       used 75513K, capacity 81670K, committed 81920K, reserved 1120256K
  class space    used 9295K, capacity 11227K, committed 11264K, reserved 1048576K
}
Event: 71.256 GC heap before
{Heap before GC invocations=16 (full 3):
 PSYoungGen      total 138240K, used 49213K [0x00000000f5580000, 0x00000000ffa80000, 0x0000000100000000)
  eden space 111616K, 23% used [0x00000000f5580000,0x00000000f6f83588,0x00000000fc280000)
  from space 26624K, 84% used [0x00000000fdf80000,0x00000000ff58c1a0,0x00000000ff980000)
  to   space 28672K, 0% used [0x00000000fc280000,0x00000000fc280000,0x00000000fde80000)
 ParOldGen       total 99328K, used 43478K [0x00000000e0000000, 0x00000000e6100000, 0x00000000f5580000)
  object space 99328K, 43% used [0x00000000e0000000,0x00000000e2a75890,0x00000000e6100000)
 Metaspace       used 76304K, capacity 82830K, committed 83200K, reserved 1120256K
  class space    used 9381K, capacity 11399K, committed 11520K, reserved 1048576K
Event: 71.294 GC heap after
Heap after GC invocations=16 (full 3):
 PSYoungGen      total 140288K, used 19929K [0x00000000f5580000, 0x00000000ffc80000, 0x0000000100000000)
  eden space 111616K, 0% used [0x00000000f5580000,0x00000000f5580000,0x00000000fc280000)
  from space 28672K, 69% used [0x00000000fc280000,0x00000000fd5f6498,0x00000000fde80000)
  to   space 29696K, 0% used [0x00000000fdf80000,0x00000000fdf80000,0x00000000ffc80000)
 ParOldGen       total 99328K, used 43486K [0x00000000e0000000, 0x00000000e6100000, 0x00000000f5580000)
  object space 99328K, 43% used [0x00000000e0000000,0x00000000e2a77890,0x00000000e6100000)
 Metaspace       used 76304K, capacity 82830K, committed 83200K, reserved 1120256K
  class space    used 9381K, capacity 11399K, committed 11520K, reserved 1048576K
}
Event: 71.294 GC heap before
{Heap before GC invocations=17 (full 4):
 PSYoungGen      total 140288K, used 19929K [0x00000000f5580000, 0x00000000ffc80000, 0x0000000100000000)
  eden space 111616K, 0% used [0x00000000f5580000,0x00000000f5580000,0x00000000fc280000)
  from space 28672K, 69% used [0x00000000fc280000,0x00000000fd5f6498,0x00000000fde80000)
  to   space 29696K, 0% used [0x00000000fdf80000,0x00000000fdf80000,0x00000000ffc80000)
 ParOldGen       total 99328K, used 43486K [0x00000000e0000000, 0x00000000e6100000, 0x00000000f5580000)
  object space 99328K, 43% used [0x00000000e0000000,0x00000000e2a77890,0x00000000e6100000)
 Metaspace       used 76304K, capacity 82830K, committed 83200K, reserved 1120256K
  class space    used 9381K, capacity 11399K, committed 11520K, reserved 1048576K
Event: 71.635 GC heap after
Heap after GC invocations=17 (full 4):
 PSYoungGen      total 140288K, used 0K [0x00000000f5580000, 0x00000000ffc80000, 0x0000000100000000)
  eden space 111616K, 0% used [0x00000000f5580000,0x00000000f5580000,0x00000000fc280000)
  from space 28672K, 0% used [0x00000000fc280000,0x00000000fc280000,0x00000000fde80000)
  to   space 29696K, 0% used [0x00000000fdf80000,0x00000000fdf80000,0x00000000ffc80000)
 ParOldGen       total 99328K, used 52383K [0x00000000e0000000, 0x00000000e6100000, 0x00000000f5580000)
  object space 99328K, 52% used [0x00000000e0000000,0x00000000e3327d68,0x00000000e6100000)
 Metaspace       used 76304K, capacity 82830K, committed 83200K, reserved 1120256K
  class space    used 9381K, capacity 11399K, committed 11520K, reserved 1048576K
}
Event: 617.244 GC heap before
{Heap before GC invocations=18 (full 4):
 PSYoungGen      total 140288K, used 111616K [0x00000000f5580000, 0x00000000ffc80000, 0x0000000100000000)
  eden space 111616K, 100% used [0x00000000f5580000,0x00000000fc280000,0x00000000fc280000)
  from space 28672K, 0% used [0x00000000fc280000,0x00000000fc280000,0x00000000fde80000)
  to   space 29696K, 0% used [0x00000000fdf80000,0x00000000fdf80000,0x00000000ffc80000)
 ParOldGen       total 99328K, used 52383K [0x00000000e0000000, 0x00000000e6100000, 0x00000000f5580000)
  object space 99328K, 52% used [0x00000000e0000000,0x00000000e3327d68,0x00000000e6100000)
 Metaspace       used 78447K, capacity 84982K, committed 85120K, reserved 1122304K
  class space    used 9592K, capacity 11579K, committed 11648K, reserved 1048576K
Event: 617.254 GC heap after
Heap after GC invocations=18 (full 4):
 PSYoungGen      total 141824K, used 6980K [0x00000000f5580000, 0x0000000100000000, 0x0000000100000000)
  eden space 112128K, 0% used [0x00000000f5580000,0x00000000f5580000,0x00000000fc300000)
  from space 29696K, 23% used [0x00000000fdf80000,0x00000000fe6511c8,0x00000000ffc80000)
  to   space 29184K, 0% used [0x00000000fc300000,0x00000000fc300000,0x00000000fdf80000)
 ParOldGen       total 99328K, used 52391K [0x00000000e0000000, 0x00000000e6100000, 0x00000000f5580000)
  object space 99328K, 52% used [0x00000000e0000000,0x00000000e3329d68,0x00000000e6100000)
 Metaspace       used 78447K, capacity 84982K, committed 85120K, reserved 1122304K
  class space    used 9592K, capacity 11579K, committed 11648K, reserved 1048576K
}

