# JRE version: Java(TM) SE Runtime Environment (8.0_45-b15) (build 1.8.0_45-b15)
# Java VM: Java HotSpot(TM) 64-Bit Server VM (25.45-b02 mixed mode windows-amd64 compressed oops)
Heap:
 PSYoungGen      total 79872K, used 22322K [0x00000000f5580000, 0x00000000fbc80000, 0x0000000100000000)
  eden space 55296K, 40% used [0x00000000f5580000,0x00000000f6b4cb78,0x00000000f8b80000)
  from space 24576K, 0% used [0x00000000fa480000,0x00000000fa480000,0x00000000fbc80000)
  to   space 25088K, 0% used [0x00000000f8b80000,0x00000000f8b80000,0x00000000fa400000)
 ParOldGen       total 110080K, used 46903K [0x00000000e0000000, 0x00000000e6b80000, 0x00000000f5580000)
  object space 110080K, 42% used [0x00000000e0000000,0x00000000e2dcdf88,0x00000000e6b80000)
 Metaspace       used 81998K, capacity 88596K, committed 88832K, reserved 1126400K
  class space    used 10152K, capacity 12206K, committed 12288K, reserved 1048576K
GC Heap History (10 events):
Event: 350.750 GC heap before
{Heap before GC invocations=28 (full 8):
 PSYoungGen      total 79872K, used 2290K [0x00000000f5580000, 0x00000000fbd80000, 0x0000000100000000)
  eden space 55296K, 0% used [0x00000000f5580000,0x00000000f5580000,0x00000000f8b80000)
  from space 24576K, 9% used [0x00000000fa580000,0x00000000fa7bcac0,0x00000000fbd80000)
  to   space 25600K, 0% used [0x00000000f8b80000,0x00000000f8b80000,0x00000000fa480000)
 ParOldGen       total 110080K, used 53296K [0x00000000e0000000, 0x00000000e6b80000, 0x00000000f5580000)
  object space 110080K, 48% used [0x00000000e0000000,0x00000000e340c020,0x00000000e6b80000)
 Metaspace       used 81183K, capacity 88036K, committed 88192K, reserved 1126400K
  class space    used 10063K, capacity 12108K, committed 12160K, reserved 1048576K
Event: 351.336 GC heap after
Heap after GC invocations=28 (full 8):
 PSYoungGen      total 79872K, used 0K [0x00000000f5580000, 0x00000000fbd80000, 0x0000000100000000)
  eden space 55296K, 0% used [0x00000000f5580000,0x00000000f5580000,0x00000000f8b80000)
  from space 24576K, 0% used [0x00000000fa580000,0x00000000fa580000,0x00000000fbd80000)
  to   space 25600K, 0% used [0x00000000f8b80000,0x00000000f8b80000,0x00000000fa480000)
 ParOldGen       total 110080K, used 54881K [0x00000000e0000000, 0x00000000e6b80000, 0x00000000f5580000)
  object space 110080K, 49% used [0x00000000e0000000,0x00000000e3598628,0x00000000e6b80000)
 Metaspace       used 81183K, capacity 88036K, committed 88192K, reserved 1126400K
  class space    used 10063K, capacity 12108K, committed 12160K, reserved 1048576K
}
Event: 410.755 GC heap before
{Heap before GC invocations=29 (full 8):
 PSYoungGen      total 79872K, used 3782K [0x00000000f5580000, 0x00000000fbd80000, 0x0000000100000000)
  eden space 55296K, 6% used [0x00000000f5580000,0x00000000f5931870,0x00000000f8b80000)
  from space 24576K, 0% used [0x00000000fa580000,0x00000000fa580000,0x00000000fbd80000)
  to   space 25600K, 0% used [0x00000000f8b80000,0x00000000f8b80000,0x00000000fa480000)
 ParOldGen       total 110080K, used 54881K [0x00000000e0000000, 0x00000000e6b80000, 0x00000000f5580000)
  object space 110080K, 49% used [0x00000000e0000000,0x00000000e3598628,0x00000000e6b80000)
 Metaspace       used 81198K, capacity 88036K, committed 88192K, reserved 1126400K
  class space    used 10063K, capacity 12108K, committed 12160K, reserved 1048576K
Event: 410.759 GC heap after
Heap after GC invocations=29 (full 8):
 PSYoungGen      total 80896K, used 128K [0x00000000f5580000, 0x00000000fbd80000, 0x0000000100000000)
  eden space 55296K, 0% used [0x00000000f5580000,0x00000000f5580000,0x00000000f8b80000)
  from space 25600K, 0% used [0x00000000f8b80000,0x00000000f8ba0000,0x00000000fa480000)
  to   space 25600K, 0% used [0x00000000fa480000,0x00000000fa480000,0x00000000fbd80000)
 ParOldGen       total 110080K, used 54881K [0x00000000e0000000, 0x00000000e6b80000, 0x00000000f5580000)
  object space 110080K, 49% used [0x00000000e0000000,0x00000000e3598628,0x00000000e6b80000)
 Metaspace       used 81198K, capacity 88036K, committed 88192K, reserved 1126400K
  class space    used 10063K, capacity 12108K, committed 12160K, reserved 1048576K
}
Event: 410.759 GC heap before
{Heap before GC invocations=30 (full 9):
 PSYoungGen      total 80896K, used 128K [0x00000000f5580000, 0x00000000fbd80000, 0x0000000100000000)
  eden space 55296K, 0% used [0x00000000f5580000,0x00000000f5580000,0x00000000f8b80000)
  from space 25600K, 0% used [0x00000000f8b80000,0x00000000f8ba0000,0x00000000fa480000)
  to   space 25600K, 0% used [0x00000000fa480000,0x00000000fa480000,0x00000000fbd80000)
 ParOldGen       total 110080K, used 54881K [0x00000000e0000000, 0x00000000e6b80000, 0x00000000f5580000)
  object space 110080K, 49% used [0x00000000e0000000,0x00000000e3598628,0x00000000e6b80000)
 Metaspace       used 81198K, capacity 88036K, committed 88192K, reserved 1126400K
  class space    used 10063K, capacity 12108K, committed 12160K, reserved 1048576K
Event: 411.193 GC heap after
Heap after GC invocations=30 (full 9):
 PSYoungGen      total 80896K, used 0K [0x00000000f5580000, 0x00000000fbd80000, 0x0000000100000000)
  eden space 55296K, 0% used [0x00000000f5580000,0x00000000f5580000,0x00000000f8b80000)
  from space 25600K, 0% used [0x00000000f8b80000,0x00000000f8b80000,0x00000000fa480000)
  to   space 25600K, 0% used [0x00000000fa480000,0x00000000fa480000,0x00000000fbd80000)
 ParOldGen       total 110080K, used 54138K [0x00000000e0000000, 0x00000000e6b80000, 0x00000000f5580000)
  object space 110080K, 49% used [0x00000000e0000000,0x00000000e34dea90,0x00000000e6b80000)
 Metaspace       used 81198K, capacity 88036K, committed 88192K, reserved 1126400K
  class space    used 10063K, capacity 12108K, committed 12160K, reserved 1048576K
}
Event: 470.770 GC heap before
{Heap before GC invocations=31 (full 9):
 PSYoungGen      total 80896K, used 2760K [0x00000000f5580000, 0x00000000fbd80000, 0x0000000100000000)
  eden space 55296K, 4% used [0x00000000f5580000,0x00000000f5832318,0x00000000f8b80000)
  from space 25600K, 0% used [0x00000000f8b80000,0x00000000f8b80000,0x00000000fa480000)
  to   space 25600K, 0% used [0x00000000fa480000,0x00000000fa480000,0x00000000fbd80000)
 ParOldGen       total 110080K, used 54138K [0x00000000e0000000, 0x00000000e6b80000, 0x00000000f5580000)
  object space 110080K, 49% used [0x00000000e0000000,0x00000000e34dea90,0x00000000e6b80000)
 Metaspace       used 81208K, capacity 88036K, committed 88192K, reserved 1126400K
  class space    used 10063K, capacity 12108K, committed 12160K, reserved 1048576K
Event: 470.775 GC heap after
Heap after GC invocations=31 (full 9):
 PSYoungGen      total 79872K, used 160K [0x00000000f5580000, 0x00000000fbc80000, 0x0000000100000000)
  eden space 55296K, 0% used [0x00000000f5580000,0x00000000f5580000,0x00000000f8b80000)
  from space 24576K, 0% used [0x00000000fa480000,0x00000000fa4a8000,0x00000000fbc80000)
  to   space 25088K, 0% used [0x00000000f8b80000,0x00000000f8b80000,0x00000000fa400000)
 ParOldGen       total 110080K, used 54138K [0x00000000e0000000, 0x00000000e6b80000, 0x00000000f5580000)
  object space 110080K, 49% used [0x00000000e0000000,0x00000000e34dea90,0x00000000e6b80000)
 Metaspace       used 81208K, capacity 88036K, committed 88192K, reserved 1126400K
  class space    used 10063K, capacity 12108K, committed 12160K, reserved 1048576K
}
Event: 470.775 GC heap before
{Heap before GC invocations=32 (full 10):
 PSYoungGen      total 79872K, used 160K [0x00000000f5580000, 0x00000000fbc80000, 0x0000000100000000)
  eden space 55296K, 0% used [0x00000000f5580000,0x00000000f5580000,0x00000000f8b80000)
  from space 24576K, 0% used [0x00000000fa480000,0x00000000fa4a8000,0x00000000fbc80000)
  to   space 25088K, 0% used [0x00000000f8b80000,0x00000000f8b80000,0x00000000fa400000)
 ParOldGen       total 110080K, used 54138K [0x00000000e0000000, 0x00000000e6b80000, 0x00000000f5580000)
  object space 110080K, 49% used [0x00000000e0000000,0x00000000e34dea90,0x00000000e6b80000)
 Metaspace       used 81208K, capacity 88036K, committed 88192K, reserved 1126400K
  class space    used 10063K, capacity 12108K, committed 12160K, reserved 1048576K
Event: 471.187 GC heap after
Heap after GC invocations=32 (full 10):
 PSYoungGen      total 79872K, used 0K [0x00000000f5580000, 0x00000000fbc80000, 0x0000000100000000)
  eden space 55296K, 0% used [0x00000000f5580000,0x00000000f5580000,0x00000000f8b80000)
  from space 24576K, 0% used [0x00000000fa480000,0x00000000fa480000,0x00000000fbc80000)
  to   space 25088K, 0% used [0x00000000f8b80000,0x00000000f8b80000,0x00000000fa400000)
 ParOldGen       total 110080K, used 46903K [0x00000000e0000000, 0x00000000e6b80000, 0x00000000f5580000)
  object space 110080K, 42% used [0x00000000e0000000,0x00000000e2dcdf88,0x00000000e6b80000)
 Metaspace       used 81204K, capacity 88030K, committed 88192K, reserved 1126400K
  class space    used 10063K, capacity 12107K, committed 12160K, reserved 1048576K
}

