# JRE version: Java(TM) SE Runtime Environment (8.0_45-b15) (build 1.8.0_45-b15)
# Java VM: Java HotSpot(TM) 64-Bit Server VM (25.45-b02 mixed mode windows-amd64 compressed oops)
Heap:
 PSYoungGen      total 104960K, used 34940K [0x00000000f5580000, 0x00000000ffc80000, 0x0000000100000000)
  eden space 104448K, 33% used [0x00000000f5580000,0x00000000f779f130,0x00000000fbb80000)
  from space 512K, 0% used [0x00000000fbb80000,0x00000000fbb80000,0x00000000fbc00000)
  to   space 33280K, 0% used [0x00000000fdc00000,0x00000000fdc00000,0x00000000ffc80000)
 ParOldGen       total 99328K, used 57805K [0x00000000e0000000, 0x00000000e6100000, 0x00000000f5580000)
  object space 99328K, 58% used [0x00000000e0000000,0x00000000e3873750,0x00000000e6100000)
 Metaspace       used 77834K, capacity 83770K, committed 83968K, reserved 1122304K
  class space    used 9564K, capacity 11474K, committed 11520K, reserved 1048576K
GC Heap History (10 events):
Event: 446.168 GC heap before
{Heap before GC invocations=35 (full 10):
 PSYoungGen      total 137728K, used 416K [0x00000000f5580000, 0x00000000ffd80000, 0x0000000100000000)
  eden space 104448K, 0% used [0x00000000f5580000,0x00000000f5580000,0x00000000fbb80000)
  from space 33280K, 1% used [0x00000000fbb80000,0x00000000fbbe8000,0x00000000fdc00000)
  to   space 33792K, 0% used [0x00000000fdc80000,0x00000000fdc80000,0x00000000ffd80000)
 ParOldGen       total 99328K, used 68252K [0x00000000e0000000, 0x00000000e6100000, 0x00000000f5580000)
  object space 99328K, 68% used [0x00000000e0000000,0x00000000e42a7298,0x00000000e6100000)
 Metaspace       used 76986K, capacity 83212K, committed 83328K, reserved 1122304K
  class space    used 9481K, capacity 11348K, committed 11392K, reserved 1048576K
Event: 446.444 GC heap after
Heap after GC invocations=35 (full 10):
 PSYoungGen      total 137728K, used 0K [0x00000000f5580000, 0x00000000ffd80000, 0x0000000100000000)
  eden space 104448K, 0% used [0x00000000f5580000,0x00000000f5580000,0x00000000fbb80000)
  from space 33280K, 0% used [0x00000000fbb80000,0x00000000fbb80000,0x00000000fdc00000)
  to   space 33792K, 0% used [0x00000000fdc80000,0x00000000fdc80000,0x00000000ffd80000)
 ParOldGen       total 99328K, used 68163K [0x00000000e0000000, 0x00000000e6100000, 0x00000000f5580000)
  object space 99328K, 68% used [0x00000000e0000000,0x00000000e4290c80,0x00000000e6100000)
 Metaspace       used 76986K, capacity 83212K, committed 83328K, reserved 1122304K
  class space    used 9481K, capacity 11348K, committed 11392K, reserved 1048576K
}
Event: 506.173 GC heap before
{Heap before GC invocations=36 (full 10):
 PSYoungGen      total 137728K, used 3443K [0x00000000f5580000, 0x00000000ffd80000, 0x0000000100000000)
  eden space 104448K, 3% used [0x00000000f5580000,0x00000000f58dcfa0,0x00000000fbb80000)
  from space 33280K, 0% used [0x00000000fbb80000,0x00000000fbb80000,0x00000000fdc00000)
  to   space 33792K, 0% used [0x00000000fdc80000,0x00000000fdc80000,0x00000000ffd80000)
 ParOldGen       total 99328K, used 68163K [0x00000000e0000000, 0x00000000e6100000, 0x00000000f5580000)
  object space 99328K, 68% used [0x00000000e0000000,0x00000000e4290c80,0x00000000e6100000)
 Metaspace       used 76999K, capacity 83212K, committed 83328K, reserved 1122304K
  class space    used 9481K, capacity 11348K, committed 11392K, reserved 1048576K
Event: 506.179 GC heap after
Heap after GC invocations=36 (full 10):
 PSYoungGen      total 138240K, used 160K [0x00000000f5580000, 0x00000000ffd80000, 0x0000000100000000)
  eden space 104448K, 0% used [0x00000000f5580000,0x00000000f5580000,0x00000000fbb80000)
  from space 33792K, 0% used [0x00000000fdc80000,0x00000000fdca8000,0x00000000ffd80000)
  to   space 33792K, 0% used [0x00000000fbb80000,0x00000000fbb80000,0x00000000fdc80000)
 ParOldGen       total 99328K, used 68163K [0x00000000e0000000, 0x00000000e6100000, 0x00000000f5580000)
  object space 99328K, 68% used [0x00000000e0000000,0x00000000e4290c80,0x00000000e6100000)
 Metaspace       used 76999K, capacity 83212K, committed 83328K, reserved 1122304K
  class space    used 9481K, capacity 11348K, committed 11392K, reserved 1048576K
}
Event: 506.179 GC heap before
{Heap before GC invocations=37 (full 11):
 PSYoungGen      total 138240K, used 160K [0x00000000f5580000, 0x00000000ffd80000, 0x0000000100000000)
  eden space 104448K, 0% used [0x00000000f5580000,0x00000000f5580000,0x00000000fbb80000)
  from space 33792K, 0% used [0x00000000fdc80000,0x00000000fdca8000,0x00000000ffd80000)
  to   space 33792K, 0% used [0x00000000fbb80000,0x00000000fbb80000,0x00000000fdc80000)
 ParOldGen       total 99328K, used 68163K [0x00000000e0000000, 0x00000000e6100000, 0x00000000f5580000)
  object space 99328K, 68% used [0x00000000e0000000,0x00000000e4290c80,0x00000000e6100000)
 Metaspace       used 76999K, capacity 83212K, committed 83328K, reserved 1122304K
  class space    used 9481K, capacity 11348K, committed 11392K, reserved 1048576K
Event: 506.455 GC heap after
Heap after GC invocations=37 (full 11):
 PSYoungGen      total 138240K, used 0K [0x00000000f5580000, 0x00000000ffd80000, 0x0000000100000000)
  eden space 104448K, 0% used [0x00000000f5580000,0x00000000f5580000,0x00000000fbb80000)
  from space 33792K, 0% used [0x00000000fdc80000,0x00000000fdc80000,0x00000000ffd80000)
  to   space 33792K, 0% used [0x00000000fbb80000,0x00000000fbb80000,0x00000000fdc80000)
 ParOldGen       total 99328K, used 58582K [0x00000000e0000000, 0x00000000e6100000, 0x00000000f5580000)
  object space 99328K, 58% used [0x00000000e0000000,0x00000000e39358b8,0x00000000e6100000)
 Metaspace       used 76986K, capacity 83188K, committed 83328K, reserved 1122304K
  class space    used 9479K, capacity 11344K, committed 11392K, reserved 1048576K
}
Event: 566.184 GC heap before
{Heap before GC invocations=38 (full 11):
 PSYoungGen      total 138240K, used 3308K [0x00000000f5580000, 0x00000000ffd80000, 0x0000000100000000)
  eden space 104448K, 3% used [0x00000000f5580000,0x00000000f58bb258,0x00000000fbb80000)
  from space 33792K, 0% used [0x00000000fdc80000,0x00000000fdc80000,0x00000000ffd80000)
  to   space 33792K, 0% used [0x00000000fbb80000,0x00000000fbb80000,0x00000000fdc80000)
 ParOldGen       total 99328K, used 58582K [0x00000000e0000000, 0x00000000e6100000, 0x00000000f5580000)
  object space 99328K, 58% used [0x00000000e0000000,0x00000000e39358b8,0x00000000e6100000)
 Metaspace       used 77009K, capacity 83188K, committed 83328K, reserved 1122304K
  class space    used 9479K, capacity 11344K, committed 11392K, reserved 1048576K
Event: 566.188 GC heap after
Heap after GC invocations=38 (full 11):
 PSYoungGen      total 104960K, used 192K [0x00000000f5580000, 0x00000000ffc80000, 0x0000000100000000)
  eden space 104448K, 0% used [0x00000000f5580000,0x00000000f5580000,0x00000000fbb80000)
  from space 512K, 37% used [0x00000000fbb80000,0x00000000fbbb0000,0x00000000fbc00000)
  to   space 33280K, 0% used [0x00000000fdc00000,0x00000000fdc00000,0x00000000ffc80000)
 ParOldGen       total 99328K, used 58590K [0x00000000e0000000, 0x00000000e6100000, 0x00000000f5580000)
  object space 99328K, 58% used [0x00000000e0000000,0x00000000e39378b8,0x00000000e6100000)
 Metaspace       used 77009K, capacity 83188K, committed 83328K, reserved 1122304K
  class space    used 9479K, capacity 11344K, committed 11392K, reserved 1048576K
}
Event: 566.188 GC heap before
{Heap before GC invocations=39 (full 12):
 PSYoungGen      total 104960K, used 192K [0x00000000f5580000, 0x00000000ffc80000, 0x0000000100000000)
  eden space 104448K, 0% used [0x00000000f5580000,0x00000000f5580000,0x00000000fbb80000)
  from space 512K, 37% used [0x00000000fbb80000,0x00000000fbbb0000,0x00000000fbc00000)
  to   space 33280K, 0% used [0x00000000fdc00000,0x00000000fdc00000,0x00000000ffc80000)
 ParOldGen       total 99328K, used 58590K [0x00000000e0000000, 0x00000000e6100000, 0x00000000f5580000)
  object space 99328K, 58% used [0x00000000e0000000,0x00000000e39378b8,0x00000000e6100000)
 Metaspace       used 77009K, capacity 83188K, committed 83328K, reserved 1122304K
  class space    used 9479K, capacity 11344K, committed 11392K, reserved 1048576K
Event: 566.574 GC heap after
Heap after GC invocations=39 (full 12):
 PSYoungGen      total 104960K, used 0K [0x00000000f5580000, 0x00000000ffc80000, 0x0000000100000000)
  eden space 104448K, 0% used [0x00000000f5580000,0x00000000f5580000,0x00000000fbb80000)
  from space 512K, 0% used [0x00000000fbb80000,0x00000000fbb80000,0x00000000fbc00000)
  to   space 33280K, 0% used [0x00000000fdc00000,0x00000000fdc00000,0x00000000ffc80000)
 ParOldGen       total 99328K, used 57805K [0x00000000e0000000, 0x00000000e6100000, 0x00000000f5580000)
  object space 99328K, 58% used [0x00000000e0000000,0x00000000e3873750,0x00000000e6100000)
 Metaspace       used 77009K, capacity 83188K, committed 83328K, reserved 1122304K
  class space    used 9479K, capacity 11344K, committed 11392K, reserved 1048576K
}

