# JRE version: Java(TM) SE Runtime Environment (8.0_45-b15) (build 1.8.0_45-b15)
# Java VM: Java HotSpot(TM) 64-Bit Server VM (25.45-b02 mixed mode windows-amd64 compressed oops)
Heap:
 PSYoungGen      total 95232K, used 67606K [0x00000000f5580000, 0x00000000fc380000, 0x0000000100000000)
  eden space 80896K, 83% used [0x00000000f5580000,0x00000000f9785a78,0x00000000fa480000)
  from space 14336K, 0% used [0x00000000fb580000,0x00000000fb580000,0x00000000fc380000)
  to   space 15872K, 0% used [0x00000000fa480000,0x00000000fa480000,0x00000000fb400000)
 ParOldGen       total 116224K, used 39971K [0x00000000e0000000, 0x00000000e7180000, 0x00000000f5580000)
  object space 116224K, 34% used [0x00000000e0000000,0x00000000e2708c58,0x00000000e7180000)
 Metaspace       used 88824K, capacity 95514K, committed 95744K, reserved 1132544K
  class space    used 11244K, capacity 13282K, committed 13312K, reserved 1048576K
GC Heap History (10 events):
Event: 1174.998 GC heap before
{Heap before GC invocations=54 (full 22):
 PSYoungGen      total 98304K, used 160K [0x00000000f5580000, 0x00000000fc880000, 0x0000000100000000)
  eden space 80896K, 0% used [0x00000000f5580000,0x00000000f5580000,0x00000000fa480000)
  from space 17408K, 0% used [0x00000000fb780000,0x00000000fb7a8000,0x00000000fc880000)
  to   space 18432K, 0% used [0x00000000fa480000,0x00000000fa480000,0x00000000fb680000)
 ParOldGen       total 116224K, used 40046K [0x00000000e0000000, 0x00000000e7180000, 0x00000000f5580000)
  object space 116224K, 34% used [0x00000000e0000000,0x00000000e271ba00,0x00000000e7180000)
 Metaspace       used 85595K, capacity 92666K, committed 92928K, reserved 1128448K
  class space    used 10905K, capacity 13018K, committed 13056K, reserved 1048576K
Event: 1175.065 GC heap after
Heap after GC invocations=54 (full 22):
 PSYoungGen      total 98304K, used 0K [0x00000000f5580000, 0x00000000fc880000, 0x0000000100000000)
  eden space 80896K, 0% used [0x00000000f5580000,0x00000000f5580000,0x00000000fa480000)
  from space 17408K, 0% used [0x00000000fb780000,0x00000000fb780000,0x00000000fc880000)
  to   space 18432K, 0% used [0x00000000fa480000,0x00000000fa480000,0x00000000fb680000)
 ParOldGen       total 116224K, used 40046K [0x00000000e0000000, 0x00000000e7180000, 0x00000000f5580000)
  object space 116224K, 34% used [0x00000000e0000000,0x00000000e271ba00,0x00000000e7180000)
 Metaspace       used 85595K, capacity 92666K, committed 92928K, reserved 1128448K
  class space    used 10905K, capacity 13018K, committed 13056K, reserved 1048576K
}
Event: 1235.023 GC heap before
{Heap before GC invocations=55 (full 22):
 PSYoungGen      total 98304K, used 9442K [0x00000000f5580000, 0x00000000fc880000, 0x0000000100000000)
  eden space 80896K, 11% used [0x00000000f5580000,0x00000000f5eb8b68,0x00000000fa480000)
  from space 17408K, 0% used [0x00000000fb780000,0x00000000fb780000,0x00000000fc880000)
  to   space 18432K, 0% used [0x00000000fa480000,0x00000000fa480000,0x00000000fb680000)
 ParOldGen       total 116224K, used 40046K [0x00000000e0000000, 0x00000000e7180000, 0x00000000f5580000)
  object space 116224K, 34% used [0x00000000e0000000,0x00000000e271ba00,0x00000000e7180000)
 Metaspace       used 85620K, capacity 92730K, committed 92928K, reserved 1128448K
  class space    used 10905K, capacity 13018K, committed 13056K, reserved 1048576K
Event: 1235.084 GC heap after
Heap after GC invocations=55 (full 22):
 PSYoungGen      total 81920K, used 544K [0x00000000f5580000, 0x00000000fc680000, 0x0000000100000000)
  eden space 80896K, 0% used [0x00000000f5580000,0x00000000f5580000,0x00000000fa480000)
  from space 1024K, 53% used [0x00000000fa480000,0x00000000fa508000,0x00000000fa580000)
  to   space 17408K, 0% used [0x00000000fb580000,0x00000000fb580000,0x00000000fc680000)
 ParOldGen       total 116224K, used 40046K [0x00000000e0000000, 0x00000000e7180000, 0x00000000f5580000)
  object space 116224K, 34% used [0x00000000e0000000,0x00000000e271ba00,0x00000000e7180000)
 Metaspace       used 85620K, capacity 92730K, committed 92928K, reserved 1128448K
  class space    used 10905K, capacity 13018K, committed 13056K, reserved 1048576K
}
Event: 1235.084 GC heap before
{Heap before GC invocations=56 (full 23):
 PSYoungGen      total 81920K, used 544K [0x00000000f5580000, 0x00000000fc680000, 0x0000000100000000)
  eden space 80896K, 0% used [0x00000000f5580000,0x00000000f5580000,0x00000000fa480000)
  from space 1024K, 53% used [0x00000000fa480000,0x00000000fa508000,0x00000000fa580000)
  to   space 17408K, 0% used [0x00000000fb580000,0x00000000fb580000,0x00000000fc680000)
 ParOldGen       total 116224K, used 40046K [0x00000000e0000000, 0x00000000e7180000, 0x00000000f5580000)
  object space 116224K, 34% used [0x00000000e0000000,0x00000000e271ba00,0x00000000e7180000)
 Metaspace       used 85620K, capacity 92730K, committed 92928K, reserved 1128448K
  class space    used 10905K, capacity 13018K, committed 13056K, reserved 1048576K
Event: 1235.159 GC heap after
Heap after GC invocations=56 (full 23):
 PSYoungGen      total 81920K, used 0K [0x00000000f5580000, 0x00000000fc680000, 0x0000000100000000)
  eden space 80896K, 0% used [0x00000000f5580000,0x00000000f5580000,0x00000000fa480000)
  from space 1024K, 0% used [0x00000000fa480000,0x00000000fa480000,0x00000000fa580000)
  to   space 17408K, 0% used [0x00000000fb580000,0x00000000fb580000,0x00000000fc680000)
 ParOldGen       total 116224K, used 40190K [0x00000000e0000000, 0x00000000e7180000, 0x00000000f5580000)
  object space 116224K, 34% used [0x00000000e0000000,0x00000000e273f998,0x00000000e7180000)
 Metaspace       used 85620K, capacity 92730K, committed 92928K, reserved 1128448K
  class space    used 10905K, capacity 13018K, committed 13056K, reserved 1048576K
}
Event: 1295.015 GC heap before
{Heap before GC invocations=57 (full 23):
 PSYoungGen      total 81920K, used 3440K [0x00000000f5580000, 0x00000000fc680000, 0x0000000100000000)
  eden space 80896K, 4% used [0x00000000f5580000,0x00000000f58dc308,0x00000000fa480000)
  from space 1024K, 0% used [0x00000000fa480000,0x00000000fa480000,0x00000000fa580000)
  to   space 17408K, 0% used [0x00000000fb580000,0x00000000fb580000,0x00000000fc680000)
 ParOldGen       total 116224K, used 40190K [0x00000000e0000000, 0x00000000e7180000, 0x00000000f5580000)
  object space 116224K, 34% used [0x00000000e0000000,0x00000000e273f998,0x00000000e7180000)
 Metaspace       used 85644K, capacity 92730K, committed 92928K, reserved 1128448K
  class space    used 10905K, capacity 13018K, committed 13056K, reserved 1048576K
Event: 1295.021 GC heap after
Heap after GC invocations=57 (full 23):
 PSYoungGen      total 95232K, used 224K [0x00000000f5580000, 0x00000000fc380000, 0x0000000100000000)
  eden space 80896K, 0% used [0x00000000f5580000,0x00000000f5580000,0x00000000fa480000)
  from space 14336K, 1% used [0x00000000fb580000,0x00000000fb5b8000,0x00000000fc380000)
  to   space 15872K, 0% used [0x00000000fa480000,0x00000000fa480000,0x00000000fb400000)
 ParOldGen       total 116224K, used 40198K [0x00000000e0000000, 0x00000000e7180000, 0x00000000f5580000)
  object space 116224K, 34% used [0x00000000e0000000,0x00000000e2741998,0x00000000e7180000)
 Metaspace       used 85644K, capacity 92730K, committed 92928K, reserved 1128448K
  class space    used 10905K, capacity 13018K, committed 13056K, reserved 1048576K
}
Event: 1295.021 GC heap before
{Heap before GC invocations=58 (full 24):
 PSYoungGen      total 95232K, used 224K [0x00000000f5580000, 0x00000000fc380000, 0x0000000100000000)
  eden space 80896K, 0% used [0x00000000f5580000,0x00000000f5580000,0x00000000fa480000)
  from space 14336K, 1% used [0x00000000fb580000,0x00000000fb5b8000,0x00000000fc380000)
  to   space 15872K, 0% used [0x00000000fa480000,0x00000000fa480000,0x00000000fb400000)
 ParOldGen       total 116224K, used 40198K [0x00000000e0000000, 0x00000000e7180000, 0x00000000f5580000)
  object space 116224K, 34% used [0x00000000e0000000,0x00000000e2741998,0x00000000e7180000)
 Metaspace       used 85644K, capacity 92730K, committed 92928K, reserved 1128448K
  class space    used 10905K, capacity 13018K, committed 13056K, reserved 1048576K
Event: 1295.171 GC heap after
Heap after GC invocations=58 (full 24):
 PSYoungGen      total 95232K, used 0K [0x00000000f5580000, 0x00000000fc380000, 0x0000000100000000)
  eden space 80896K, 0% used [0x00000000f5580000,0x00000000f5580000,0x00000000fa480000)
  from space 14336K, 0% used [0x00000000fb580000,0x00000000fb580000,0x00000000fc380000)
  to   space 15872K, 0% used [0x00000000fa480000,0x00000000fa480000,0x00000000fb400000)
 ParOldGen       total 116224K, used 39971K [0x00000000e0000000, 0x00000000e7180000, 0x00000000f5580000)
  object space 116224K, 34% used [0x00000000e0000000,0x00000000e2708c58,0x00000000e7180000)
 Metaspace       used 85644K, capacity 92730K, committed 92928K, reserved 1128448K
  class space    used 10905K, capacity 13018K, committed 13056K, reserved 1048576K
}

