# JRE version: Java(TM) SE Runtime Environment (8.0_45-b15) (build 1.8.0_45-b15)
# Java VM: Java HotSpot(TM) 64-Bit Server VM (25.45-b02 mixed mode windows-amd64 compressed oops)
Heap:
 PSYoungGen      total 110592K, used 34603K [0x00000000f5580000, 0x00000000fde80000, 0x0000000100000000)
  eden space 82944K, 41% used [0x00000000f5580000,0x00000000f774ac68,0x00000000fa680000)
  from space 27648K, 0% used [0x00000000fc380000,0x00000000fc380000,0x00000000fde80000)
  to   space 28672K, 0% used [0x00000000fa680000,0x00000000fa680000,0x00000000fc280000)
 ParOldGen       total 107520K, used 39424K [0x00000000e0000000, 0x00000000e6900000, 0x00000000f5580000)
  object space 107520K, 36% used [0x00000000e0000000,0x00000000e2680150,0x00000000e6900000)
 Metaspace       used 87282K, capacity 94198K, committed 94592K, reserved 1130496K
  class space    used 11009K, capacity 13121K, committed 13184K, reserved 1048576K
GC Heap History (10 events):
Event: 589.003 GC heap before
{Heap before GC invocations=33 (full 11):
 PSYoungGen      total 113664K, used 128K [0x00000000f5580000, 0x00000000fe380000, 0x0000000100000000)
  eden space 82944K, 0% used [0x00000000f5580000,0x00000000f5580000,0x00000000fa680000)
  from space 30720K, 0% used [0x00000000fc580000,0x00000000fc5a0000,0x00000000fe380000)
  to   space 31232K, 0% used [0x00000000fa680000,0x00000000fa680000,0x00000000fc500000)
 ParOldGen       total 107520K, used 43728K [0x00000000e0000000, 0x00000000e6900000, 0x00000000f5580000)
  object space 107520K, 40% used [0x00000000e0000000,0x00000000e2ab42c8,0x00000000e6900000)
 Metaspace       used 86420K, capacity 93472K, committed 93696K, reserved 1130496K
  class space    used 10919K, capacity 13038K, committed 13056K, reserved 1048576K
Event: 589.394 GC heap after
Heap after GC invocations=33 (full 11):
 PSYoungGen      total 113664K, used 0K [0x00000000f5580000, 0x00000000fe380000, 0x0000000100000000)
  eden space 82944K, 0% used [0x00000000f5580000,0x00000000f5580000,0x00000000fa680000)
  from space 30720K, 0% used [0x00000000fc580000,0x00000000fc580000,0x00000000fe380000)
  to   space 31232K, 0% used [0x00000000fa680000,0x00000000fa680000,0x00000000fc500000)
 ParOldGen       total 107520K, used 41627K [0x00000000e0000000, 0x00000000e6900000, 0x00000000f5580000)
  object space 107520K, 38% used [0x00000000e0000000,0x00000000e28a6fb0,0x00000000e6900000)
 Metaspace       used 86399K, capacity 93436K, committed 93696K, reserved 1130496K
  class space    used 10915K, capacity 13032K, committed 13056K, reserved 1048576K
}
Event: 649.014 GC heap before
{Heap before GC invocations=34 (full 11):
 PSYoungGen      total 113664K, used 9299K [0x00000000f5580000, 0x00000000fe380000, 0x0000000100000000)
  eden space 82944K, 11% used [0x00000000f5580000,0x00000000f5e94f38,0x00000000fa680000)
  from space 30720K, 0% used [0x00000000fc580000,0x00000000fc580000,0x00000000fe380000)
  to   space 31232K, 0% used [0x00000000fa680000,0x00000000fa680000,0x00000000fc500000)
 ParOldGen       total 107520K, used 41627K [0x00000000e0000000, 0x00000000e6900000, 0x00000000f5580000)
  object space 107520K, 38% used [0x00000000e0000000,0x00000000e28a6fb0,0x00000000e6900000)
 Metaspace       used 86458K, capacity 93436K, committed 93696K, reserved 1130496K
  class space    used 10915K, capacity 13032K, committed 13056K, reserved 1048576K
Event: 649.019 GC heap after
Heap after GC invocations=34 (full 11):
 PSYoungGen      total 83968K, used 864K [0x00000000f5580000, 0x00000000fe080000, 0x0000000100000000)
  eden space 82944K, 0% used [0x00000000f5580000,0x00000000f5580000,0x00000000fa680000)
  from space 1024K, 84% used [0x00000000fa680000,0x00000000fa758000,0x00000000fa780000)
  to   space 29696K, 0% used [0x00000000fc380000,0x00000000fc380000,0x00000000fe080000)
 ParOldGen       total 107520K, used 41635K [0x00000000e0000000, 0x00000000e6900000, 0x00000000f5580000)
  object space 107520K, 38% used [0x00000000e0000000,0x00000000e28a8fb0,0x00000000e6900000)
 Metaspace       used 86458K, capacity 93436K, committed 93696K, reserved 1130496K
  class space    used 10915K, capacity 13032K, committed 13056K, reserved 1048576K
}
Event: 649.019 GC heap before
{Heap before GC invocations=35 (full 12):
 PSYoungGen      total 83968K, used 864K [0x00000000f5580000, 0x00000000fe080000, 0x0000000100000000)
  eden space 82944K, 0% used [0x00000000f5580000,0x00000000f5580000,0x00000000fa680000)
  from space 1024K, 84% used [0x00000000fa680000,0x00000000fa758000,0x00000000fa780000)
  to   space 29696K, 0% used [0x00000000fc380000,0x00000000fc380000,0x00000000fe080000)
 ParOldGen       total 107520K, used 41635K [0x00000000e0000000, 0x00000000e6900000, 0x00000000f5580000)
  object space 107520K, 38% used [0x00000000e0000000,0x00000000e28a8fb0,0x00000000e6900000)
 Metaspace       used 86458K, capacity 93436K, committed 93696K, reserved 1130496K
  class space    used 10915K, capacity 13032K, committed 13056K, reserved 1048576K
Event: 649.345 GC heap after
Heap after GC invocations=35 (full 12):
 PSYoungGen      total 83968K, used 0K [0x00000000f5580000, 0x00000000fe080000, 0x0000000100000000)
  eden space 82944K, 0% used [0x00000000f5580000,0x00000000f5580000,0x00000000fa680000)
  from space 1024K, 0% used [0x00000000fa680000,0x00000000fa680000,0x00000000fa780000)
  to   space 29696K, 0% used [0x00000000fc380000,0x00000000fc380000,0x00000000fe080000)
 ParOldGen       total 107520K, used 39585K [0x00000000e0000000, 0x00000000e6900000, 0x00000000f5580000)
  object space 107520K, 36% used [0x00000000e0000000,0x00000000e26a8678,0x00000000e6900000)
 Metaspace       used 86424K, capacity 93382K, committed 93696K, reserved 1130496K
  class space    used 10910K, capacity 13023K, committed 13056K, reserved 1048576K
}
Event: 709.024 GC heap before
{Heap before GC invocations=36 (full 12):
 PSYoungGen      total 83968K, used 3538K [0x00000000f5580000, 0x00000000fe080000, 0x0000000100000000)
  eden space 82944K, 4% used [0x00000000f5580000,0x00000000f58f4b50,0x00000000fa680000)
  from space 1024K, 0% used [0x00000000fa680000,0x00000000fa680000,0x00000000fa780000)
  to   space 29696K, 0% used [0x00000000fc380000,0x00000000fc380000,0x00000000fe080000)
 ParOldGen       total 107520K, used 39585K [0x00000000e0000000, 0x00000000e6900000, 0x00000000f5580000)
  object space 107520K, 36% used [0x00000000e0000000,0x00000000e26a8678,0x00000000e6900000)
 Metaspace       used 86425K, capacity 93382K, committed 93696K, reserved 1130496K
  class space    used 10910K, capacity 13023K, committed 13056K, reserved 1048576K
Event: 709.028 GC heap after
Heap after GC invocations=36 (full 12):
 PSYoungGen      total 110592K, used 128K [0x00000000f5580000, 0x00000000fde80000, 0x0000000100000000)
  eden space 82944K, 0% used [0x00000000f5580000,0x00000000f5580000,0x00000000fa680000)
  from space 27648K, 0% used [0x00000000fc380000,0x00000000fc3a0000,0x00000000fde80000)
  to   space 28672K, 0% used [0x00000000fa680000,0x00000000fa680000,0x00000000fc280000)
 ParOldGen       total 107520K, used 39585K [0x00000000e0000000, 0x00000000e6900000, 0x00000000f5580000)
  object space 107520K, 36% used [0x00000000e0000000,0x00000000e26a8678,0x00000000e6900000)
 Metaspace       used 86425K, capacity 93382K, committed 93696K, reserved 1130496K
  class space    used 10910K, capacity 13023K, committed 13056K, reserved 1048576K
}
Event: 709.028 GC heap before
{Heap before GC invocations=37 (full 13):
 PSYoungGen      total 110592K, used 128K [0x00000000f5580000, 0x00000000fde80000, 0x0000000100000000)
  eden space 82944K, 0% used [0x00000000f5580000,0x00000000f5580000,0x00000000fa680000)
  from space 27648K, 0% used [0x00000000fc380000,0x00000000fc3a0000,0x00000000fde80000)
  to   space 28672K, 0% used [0x00000000fa680000,0x00000000fa680000,0x00000000fc280000)
 ParOldGen       total 107520K, used 39585K [0x00000000e0000000, 0x00000000e6900000, 0x00000000f5580000)
  object space 107520K, 36% used [0x00000000e0000000,0x00000000e26a8678,0x00000000e6900000)
 Metaspace       used 86425K, capacity 93382K, committed 93696K, reserved 1130496K
  class space    used 10910K, capacity 13023K, committed 13056K, reserved 1048576K
Event: 709.301 GC heap after
Heap after GC invocations=37 (full 13):
 PSYoungGen      total 110592K, used 0K [0x00000000f5580000, 0x00000000fde80000, 0x0000000100000000)
  eden space 82944K, 0% used [0x00000000f5580000,0x00000000f5580000,0x00000000fa680000)
  from space 27648K, 0% used [0x00000000fc380000,0x00000000fc380000,0x00000000fde80000)
  to   space 28672K, 0% used [0x00000000fa680000,0x00000000fa680000,0x00000000fc280000)
 ParOldGen       total 107520K, used 39424K [0x00000000e0000000, 0x00000000e6900000, 0x00000000f5580000)
  object space 107520K, 36% used [0x00000000e0000000,0x00000000e2680150,0x00000000e6900000)
 Metaspace       used 86425K, capacity 93382K, committed 93696K, reserved 1130496K
  class space    used 10910K, capacity 13023K, committed 13056K, reserved 1048576K
}

