# JRE version: Java(TM) SE Runtime Environment (8.0_45-b15) (build 1.8.0_45-b15)
# Java VM: Java HotSpot(TM) 64-Bit Server VM (25.45-b02 mixed mode windows-amd64 compressed oops)
Heap:
 PSYoungGen      total 65536K, used 20076K [0x00000000f5580000, 0x00000000f9c80000, 0x0000000100000000)
  eden space 58880K, 33% used [0x00000000f5580000,0x00000000f6893150,0x00000000f8f00000)
  from space 6656K, 8% used [0x00000000f9580000,0x00000000f9608000,0x00000000f9c00000)
  to   space 6656K, 0% used [0x00000000f8f00000,0x00000000f8f00000,0x00000000f9580000)
 ParOldGen       total 101376K, used 63747K [0x00000000e0000000, 0x00000000e6300000, 0x00000000f5580000)
  object space 101376K, 62% used [0x00000000e0000000,0x00000000e3e40f20,0x00000000e6300000)
 Metaspace       used 97259K, capacity 104174K, committed 104320K, reserved 1140736K
  class space    used 11738K, capacity 13913K, committed 13952K, reserved 1048576K
GC Heap History (10 events):
Event: 5634.589 GC heap before
{Heap before GC invocations=158 (full 47):
 PSYoungGen      total 64000K, used 59904K [0x00000000f5580000, 0x00000000f9b00000, 0x0000000100000000)
  eden space 59904K, 100% used [0x00000000f5580000,0x00000000f9000000,0x00000000f9000000)
  from space 4096K, 0% used [0x00000000f9500000,0x00000000f9500000,0x00000000f9900000)
  to   space 5120K, 0% used [0x00000000f9000000,0x00000000f9000000,0x00000000f9500000)
 ParOldGen       total 101376K, used 61594K [0x00000000e0000000, 0x00000000e6300000, 0x00000000f5580000)
  object space 101376K, 60% used [0x00000000e0000000,0x00000000e3c26bb0,0x00000000e6300000)
 Metaspace       used 94180K, capacity 101138K, committed 101376K, reserved 1136640K
  class space    used 11402K, capacity 13544K, committed 13568K, reserved 1048576K
Event: 5634.597 GC heap after
Heap after GC invocations=158 (full 47):
 PSYoungGen      total 65024K, used 3687K [0x00000000f5580000, 0x00000000f9a80000, 0x0000000100000000)
  eden space 59904K, 0% used [0x00000000f5580000,0x00000000f5580000,0x00000000f9000000)
  from space 5120K, 72% used [0x00000000f9000000,0x00000000f9399d00,0x00000000f9500000)
  to   space 5120K, 0% used [0x00000000f9580000,0x00000000f9580000,0x00000000f9a80000)
 ParOldGen       total 101376K, used 61594K [0x00000000e0000000, 0x00000000e6300000, 0x00000000f5580000)
  object space 101376K, 60% used [0x00000000e0000000,0x00000000e3c26bb0,0x00000000e6300000)
 Metaspace       used 94180K, capacity 101138K, committed 101376K, reserved 1136640K
  class space    used 11402K, capacity 13544K, committed 13568K, reserved 1048576K
}
Event: 5792.924 GC heap before
{Heap before GC invocations=159 (full 47):
 PSYoungGen      total 65024K, used 63591K [0x00000000f5580000, 0x00000000f9a80000, 0x0000000100000000)
  eden space 59904K, 100% used [0x00000000f5580000,0x00000000f9000000,0x00000000f9000000)
  from space 5120K, 72% used [0x00000000f9000000,0x00000000f9399d00,0x00000000f9500000)
  to   space 5120K, 0% used [0x00000000f9580000,0x00000000f9580000,0x00000000f9a80000)
 ParOldGen       total 101376K, used 61594K [0x00000000e0000000, 0x00000000e6300000, 0x00000000f5580000)
  object space 101376K, 60% used [0x00000000e0000000,0x00000000e3c26bb0,0x00000000e6300000)
 Metaspace       used 94243K, capacity 101330K, committed 101632K, reserved 1136640K
  class space    used 11403K, capacity 13544K, committed 13568K, reserved 1048576K
Event: 5792.944 GC heap after
Heap after GC invocations=159 (full 47):
 PSYoungGen      total 62464K, used 2991K [0x00000000f5580000, 0x00000000f9900000, 0x0000000100000000)
  eden space 58880K, 0% used [0x00000000f5580000,0x00000000f5580000,0x00000000f8f00000)
  from space 3584K, 83% used [0x00000000f9580000,0x00000000f986bee0,0x00000000f9900000)
  to   space 5120K, 0% used [0x00000000f8f00000,0x00000000f8f00000,0x00000000f9400000)
 ParOldGen       total 101376K, used 61594K [0x00000000e0000000, 0x00000000e6300000, 0x00000000f5580000)
  object space 101376K, 60% used [0x00000000e0000000,0x00000000e3c26bb0,0x00000000e6300000)
 Metaspace       used 94243K, capacity 101330K, committed 101632K, reserved 1136640K
  class space    used 11403K, capacity 13544K, committed 13568K, reserved 1048576K
}
Event: 5823.012 GC heap before
{Heap before GC invocations=160 (full 47):
 PSYoungGen      total 62464K, used 52962K [0x00000000f5580000, 0x00000000f9900000, 0x0000000100000000)
  eden space 58880K, 84% used [0x00000000f5580000,0x00000000f864cbb8,0x00000000f8f00000)
  from space 3584K, 83% used [0x00000000f9580000,0x00000000f986bee0,0x00000000f9900000)
  to   space 5120K, 0% used [0x00000000f8f00000,0x00000000f8f00000,0x00000000f9400000)
 ParOldGen       total 101376K, used 61594K [0x00000000e0000000, 0x00000000e6300000, 0x00000000f5580000)
  object space 101376K, 60% used [0x00000000e0000000,0x00000000e3c26bb0,0x00000000e6300000)
 Metaspace       used 96671K, capacity 103740K, committed 104064K, reserved 1138688K
  class space    used 11674K, capacity 13878K, committed 13952K, reserved 1048576K
Event: 5823.032 GC heap after
Heap after GC invocations=160 (full 47):
 PSYoungGen      total 64000K, used 5096K [0x00000000f5580000, 0x00000000f9c00000, 0x0000000100000000)
  eden space 58880K, 0% used [0x00000000f5580000,0x00000000f5580000,0x00000000f8f00000)
  from space 5120K, 99% used [0x00000000f8f00000,0x00000000f93fa078,0x00000000f9400000)
  to   space 6656K, 0% used [0x00000000f9580000,0x00000000f9580000,0x00000000f9c00000)
 ParOldGen       total 101376K, used 63964K [0x00000000e0000000, 0x00000000e6300000, 0x00000000f5580000)
  object space 101376K, 63% used [0x00000000e0000000,0x00000000e3e77030,0x00000000e6300000)
 Metaspace       used 96671K, capacity 103740K, committed 104064K, reserved 1138688K
  class space    used 11674K, capacity 13878K, committed 13952K, reserved 1048576K
}
Event: 5823.033 GC heap before
{Heap before GC invocations=161 (full 48):
 PSYoungGen      total 64000K, used 5096K [0x00000000f5580000, 0x00000000f9c00000, 0x0000000100000000)
  eden space 58880K, 0% used [0x00000000f5580000,0x00000000f5580000,0x00000000f8f00000)
  from space 5120K, 99% used [0x00000000f8f00000,0x00000000f93fa078,0x00000000f9400000)
  to   space 6656K, 0% used [0x00000000f9580000,0x00000000f9580000,0x00000000f9c00000)
 ParOldGen       total 101376K, used 63964K [0x00000000e0000000, 0x00000000e6300000, 0x00000000f5580000)
  object space 101376K, 63% used [0x00000000e0000000,0x00000000e3e77030,0x00000000e6300000)
 Metaspace       used 96671K, capacity 103740K, committed 104064K, reserved 1138688K
  class space    used 11674K, capacity 13878K, committed 13952K, reserved 1048576K
Event: 5823.469 GC heap after
Heap after GC invocations=161 (full 48):
 PSYoungGen      total 64000K, used 0K [0x00000000f5580000, 0x00000000f9c00000, 0x0000000100000000)
  eden space 58880K, 0% used [0x00000000f5580000,0x00000000f5580000,0x00000000f8f00000)
  from space 5120K, 0% used [0x00000000f8f00000,0x00000000f8f00000,0x00000000f9400000)
  to   space 6656K, 0% used [0x00000000f9580000,0x00000000f9580000,0x00000000f9c00000)
 ParOldGen       total 101376K, used 63747K [0x00000000e0000000, 0x00000000e6300000, 0x00000000f5580000)
  object space 101376K, 62% used [0x00000000e0000000,0x00000000e3e40f20,0x00000000e6300000)
 Metaspace       used 96671K, capacity 103740K, committed 104064K, reserved 1138688K
  class space    used 11674K, capacity 13878K, committed 13952K, reserved 1048576K
}
Event: 5860.899 GC heap before
{Heap before GC invocations=162 (full 48):
 PSYoungGen      total 64000K, used 58880K [0x00000000f5580000, 0x00000000f9c00000, 0x0000000100000000)
  eden space 58880K, 100% used [0x00000000f5580000,0x00000000f8f00000,0x00000000f8f00000)
  from space 5120K, 0% used [0x00000000f8f00000,0x00000000f8f00000,0x00000000f9400000)
  to   space 6656K, 0% used [0x00000000f9580000,0x00000000f9580000,0x00000000f9c00000)
 ParOldGen       total 101376K, used 63747K [0x00000000e0000000, 0x00000000e6300000, 0x00000000f5580000)
  object space 101376K, 62% used [0x00000000e0000000,0x00000000e3e40f20,0x00000000e6300000)
 Metaspace       used 96853K, capacity 103816K, committed 104064K, reserved 1138688K
  class space    used 11694K, capacity 13880K, committed 13952K, reserved 1048576K
Event: 5860.903 GC heap after
Heap after GC invocations=162 (full 48):
 PSYoungGen      total 65536K, used 544K [0x00000000f5580000, 0x00000000f9c80000, 0x0000000100000000)
  eden space 58880K, 0% used [0x00000000f5580000,0x00000000f5580000,0x00000000f8f00000)
  from space 6656K, 8% used [0x00000000f9580000,0x00000000f9608000,0x00000000f9c00000)
  to   space 6656K, 0% used [0x00000000f8f00000,0x00000000f8f00000,0x00000000f9580000)
 ParOldGen       total 101376K, used 63747K [0x00000000e0000000, 0x00000000e6300000, 0x00000000f5580000)
  object space 101376K, 62% used [0x00000000e0000000,0x00000000e3e40f20,0x00000000e6300000)
 Metaspace       used 96853K, capacity 103816K, committed 104064K, reserved 1138688K
  class space    used 11694K, capacity 13880K, committed 13952K, reserved 1048576K
}

