# JRE version: Java(TM) SE Runtime Environment (8.0_45-b15) (build 1.8.0_45-b15)
# Java VM: Java HotSpot(TM) 64-Bit Server VM (25.45-b02 mixed mode windows-amd64 compressed oops)
Heap:
 PSYoungGen      total 104448K, used 47932K [0x00000000f5580000, 0x00000000fc700000, 0x0000000100000000)
  eden space 100352K, 47% used [0x00000000f5580000,0x00000000f844f098,0x00000000fb780000)
  from space 4096K, 0% used [0x00000000fbe00000,0x00000000fbe00000,0x00000000fc200000)
  to   space 6656K, 0% used [0x00000000fb780000,0x00000000fb780000,0x00000000fbe00000)
 ParOldGen       total 102400K, used 46208K [0x00000000e0000000, 0x00000000e6400000, 0x00000000f5580000)
  object space 102400K, 45% used [0x00000000e0000000,0x00000000e2d20190,0x00000000e6400000)
 Metaspace       used 87732K, capacity 94258K, committed 94592K, reserved 1130496K
  class space    used 11028K, capacity 13110K, committed 13184K, reserved 1048576K
GC Heap History (10 events):
Event: 2268.323 GC heap before
{Heap before GC invocations=87 (full 39):
 PSYoungGen      total 107008K, used 160K [0x00000000f5580000, 0x00000000fc300000, 0x0000000100000000)
  eden space 102912K, 0% used [0x00000000f5580000,0x00000000f5580000,0x00000000fba00000)
  from space 4096K, 3% used [0x00000000fbf00000,0x00000000fbf28000,0x00000000fc300000)
  to   space 4608K, 0% used [0x00000000fba00000,0x00000000fba00000,0x00000000fbe80000)
 ParOldGen       total 102400K, used 39042K [0x00000000e0000000, 0x00000000e6400000, 0x00000000f5580000)
  object space 102400K, 38% used [0x00000000e0000000,0x00000000e2620830,0x00000000e6400000)
 Metaspace       used 82969K, capacity 89560K, committed 89856K, reserved 1126400K
  class space    used 10456K, capacity 12512K, committed 12544K, reserved 1048576K
Event: 2268.415 GC heap after
Heap after GC invocations=87 (full 39):
 PSYoungGen      total 107008K, used 0K [0x00000000f5580000, 0x00000000fc300000, 0x0000000100000000)
  eden space 102912K, 0% used [0x00000000f5580000,0x00000000f5580000,0x00000000fba00000)
  from space 4096K, 0% used [0x00000000fbf00000,0x00000000fbf00000,0x00000000fc300000)
  to   space 4608K, 0% used [0x00000000fba00000,0x00000000fba00000,0x00000000fbe80000)
 ParOldGen       total 102400K, used 39038K [0x00000000e0000000, 0x00000000e6400000, 0x00000000f5580000)
  object space 102400K, 38% used [0x00000000e0000000,0x00000000e261fa00,0x00000000e6400000)
 Metaspace       used 82969K, capacity 89560K, committed 89856K, reserved 1126400K
  class space    used 10456K, capacity 12512K, committed 12544K, reserved 1048576K
}
Event: 2328.330 GC heap before
{Heap before GC invocations=88 (full 39):
 PSYoungGen      total 107008K, used 4002K [0x00000000f5580000, 0x00000000fc300000, 0x0000000100000000)
  eden space 102912K, 3% used [0x00000000f5580000,0x00000000f5968a10,0x00000000fba00000)
  from space 4096K, 0% used [0x00000000fbf00000,0x00000000fbf00000,0x00000000fc300000)
  to   space 4608K, 0% used [0x00000000fba00000,0x00000000fba00000,0x00000000fbe80000)
 ParOldGen       total 102400K, used 39038K [0x00000000e0000000, 0x00000000e6400000, 0x00000000f5580000)
  object space 102400K, 38% used [0x00000000e0000000,0x00000000e261fa00,0x00000000e6400000)
 Metaspace       used 82970K, capacity 89560K, committed 89856K, reserved 1126400K
  class space    used 10456K, capacity 12512K, committed 12544K, reserved 1048576K
Event: 2328.333 GC heap after
Heap after GC invocations=88 (full 39):
 PSYoungGen      total 103424K, used 160K [0x00000000f5580000, 0x00000000fc200000, 0x0000000100000000)
  eden space 102912K, 0% used [0x00000000f5580000,0x00000000f5580000,0x00000000fba00000)
  from space 512K, 31% used [0x00000000fba00000,0x00000000fba28000,0x00000000fba80000)
  to   space 4096K, 0% used [0x00000000fbe00000,0x00000000fbe00000,0x00000000fc200000)
 ParOldGen       total 102400K, used 39038K [0x00000000e0000000, 0x00000000e6400000, 0x00000000f5580000)
  object space 102400K, 38% used [0x00000000e0000000,0x00000000e261fa00,0x00000000e6400000)
 Metaspace       used 82970K, capacity 89560K, committed 89856K, reserved 1126400K
  class space    used 10456K, capacity 12512K, committed 12544K, reserved 1048576K
}
Event: 2328.333 GC heap before
{Heap before GC invocations=89 (full 40):
 PSYoungGen      total 103424K, used 160K [0x00000000f5580000, 0x00000000fc200000, 0x0000000100000000)
  eden space 102912K, 0% used [0x00000000f5580000,0x00000000f5580000,0x00000000fba00000)
  from space 512K, 31% used [0x00000000fba00000,0x00000000fba28000,0x00000000fba80000)
  to   space 4096K, 0% used [0x00000000fbe00000,0x00000000fbe00000,0x00000000fc200000)
 ParOldGen       total 102400K, used 39038K [0x00000000e0000000, 0x00000000e6400000, 0x00000000f5580000)
  object space 102400K, 38% used [0x00000000e0000000,0x00000000e261fa00,0x00000000e6400000)
 Metaspace       used 82970K, capacity 89560K, committed 89856K, reserved 1126400K
  class space    used 10456K, capacity 12512K, committed 12544K, reserved 1048576K
Event: 2328.414 GC heap after
Heap after GC invocations=89 (full 40):
 PSYoungGen      total 103424K, used 0K [0x00000000f5580000, 0x00000000fc200000, 0x0000000100000000)
  eden space 102912K, 0% used [0x00000000f5580000,0x00000000f5580000,0x00000000fba00000)
  from space 512K, 0% used [0x00000000fba00000,0x00000000fba00000,0x00000000fba80000)
  to   space 4096K, 0% used [0x00000000fbe00000,0x00000000fbe00000,0x00000000fc200000)
 ParOldGen       total 102400K, used 39038K [0x00000000e0000000, 0x00000000e6400000, 0x00000000f5580000)
  object space 102400K, 38% used [0x00000000e0000000,0x00000000e261fbd8,0x00000000e6400000)
 Metaspace       used 82970K, capacity 89560K, committed 89856K, reserved 1126400K
  class space    used 10456K, capacity 12512K, committed 12544K, reserved 1048576K
}
Event: 2396.889 GC heap before
{Heap before GC invocations=90 (full 40):
 PSYoungGen      total 103424K, used 48745K [0x00000000f5580000, 0x00000000fc200000, 0x0000000100000000)
  eden space 102912K, 47% used [0x00000000f5580000,0x00000000f851a598,0x00000000fba00000)
  from space 512K, 0% used [0x00000000fba00000,0x00000000fba00000,0x00000000fba80000)
  to   space 4096K, 0% used [0x00000000fbe00000,0x00000000fbe00000,0x00000000fc200000)
 ParOldGen       total 102400K, used 39038K [0x00000000e0000000, 0x00000000e6400000, 0x00000000f5580000)
  object space 102400K, 38% used [0x00000000e0000000,0x00000000e261fbd8,0x00000000e6400000)
 Metaspace       used 86888K, capacity 93686K, committed 93952K, reserved 1130496K
  class space    used 10933K, capacity 13010K, committed 13056K, reserved 1048576K
Event: 2396.892 GC heap after
Heap after GC invocations=90 (full 40):
 PSYoungGen      total 104448K, used 4086K [0x00000000f5580000, 0x00000000fc700000, 0x0000000100000000)
  eden space 100352K, 0% used [0x00000000f5580000,0x00000000f5580000,0x00000000fb780000)
  from space 4096K, 99% used [0x00000000fbe00000,0x00000000fc1fd910,0x00000000fc200000)
  to   space 6656K, 0% used [0x00000000fb780000,0x00000000fb780000,0x00000000fbe00000)
 ParOldGen       total 102400K, used 42851K [0x00000000e0000000, 0x00000000e6400000, 0x00000000f5580000)
  object space 102400K, 41% used [0x00000000e0000000,0x00000000e29d8c28,0x00000000e6400000)
 Metaspace       used 86888K, capacity 93686K, committed 93952K, reserved 1130496K
  class space    used 10933K, capacity 13010K, committed 13056K, reserved 1048576K
}
Event: 2396.892 GC heap before
{Heap before GC invocations=91 (full 41):
 PSYoungGen      total 104448K, used 4086K [0x00000000f5580000, 0x00000000fc700000, 0x0000000100000000)
  eden space 100352K, 0% used [0x00000000f5580000,0x00000000f5580000,0x00000000fb780000)
  from space 4096K, 99% used [0x00000000fbe00000,0x00000000fc1fd910,0x00000000fc200000)
  to   space 6656K, 0% used [0x00000000fb780000,0x00000000fb780000,0x00000000fbe00000)
 ParOldGen       total 102400K, used 42851K [0x00000000e0000000, 0x00000000e6400000, 0x00000000f5580000)
  object space 102400K, 41% used [0x00000000e0000000,0x00000000e29d8c28,0x00000000e6400000)
 Metaspace       used 86888K, capacity 93686K, committed 93952K, reserved 1130496K
  class space    used 10933K, capacity 13010K, committed 13056K, reserved 1048576K
Event: 2397.102 GC heap after
Heap after GC invocations=91 (full 41):
 PSYoungGen      total 104448K, used 0K [0x00000000f5580000, 0x00000000fc700000, 0x0000000100000000)
  eden space 100352K, 0% used [0x00000000f5580000,0x00000000f5580000,0x00000000fb780000)
  from space 4096K, 0% used [0x00000000fbe00000,0x00000000fbe00000,0x00000000fc200000)
  to   space 6656K, 0% used [0x00000000fb780000,0x00000000fb780000,0x00000000fbe00000)
 ParOldGen       total 102400K, used 46208K [0x00000000e0000000, 0x00000000e6400000, 0x00000000f5580000)
  object space 102400K, 45% used [0x00000000e0000000,0x00000000e2d20190,0x00000000e6400000)
 Metaspace       used 86888K, capacity 93686K, committed 93952K, reserved 1130496K
  class space    used 10933K, capacity 13010K, committed 13056K, reserved 1048576K
}

