# JRE version: Java(TM) SE Runtime Environment (8.0_45-b15) (build 1.8.0_45-b15)
# Java VM: Java HotSpot(TM) 64-Bit Server VM (25.45-b02 mixed mode windows-amd64 compressed oops)
Heap:
 PSYoungGen      total 95744K, used 45114K [0x00000000f5580000, 0x00000000fd880000, 0x0000000100000000)
  eden space 74752K, 32% used [0x00000000f5580000,0x00000000f6d14ea8,0x00000000f9e80000)
  from space 20992K, 99% used [0x00000000f9e80000,0x00000000fb2f9ca0,0x00000000fb300000)
  to   space 24576K, 0% used [0x00000000fc080000,0x00000000fc080000,0x00000000fd880000)
 ParOldGen       total 110080K, used 44293K [0x00000000e0000000, 0x00000000e6b80000, 0x00000000f5580000)
  object space 110080K, 40% used [0x00000000e0000000,0x00000000e2b414c8,0x00000000e6b80000)
 Metaspace       used 71253K, capacity 77082K, committed 77184K, reserved 1116160K
  class space    used 8831K, capacity 10622K, committed 10624K, reserved 1048576K
GC Heap History (10 events):
Event: 6.825 GC heap before
{Heap before GC invocations=10 (full 2):
 PSYoungGen      total 59392K, used 44032K [0x00000000f5580000, 0x00000000fb700000, 0x0000000100000000)
  eden space 44032K, 100% used [0x00000000f5580000,0x00000000f8080000,0x00000000f8080000)
  from space 15360K, 0% used [0x00000000f8080000,0x00000000f8080000,0x00000000f8f80000)
  to   space 15872K, 0% used [0x00000000fa780000,0x00000000fa780000,0x00000000fb700000)
 ParOldGen       total 75776K, used 26428K [0x00000000e0000000, 0x00000000e4a00000, 0x00000000f5580000)
  object space 75776K, 34% used [0x00000000e0000000,0x00000000e19cf3d8,0x00000000e4a00000)
 Metaspace       used 41686K, capacity 45062K, committed 45184K, reserved 1089536K
  class space    used 4963K, capacity 5930K, committed 6016K, reserved 1048576K
Event: 6.838 GC heap after
Heap after GC invocations=10 (full 2):
 PSYoungGen      total 77824K, used 12490K [0x00000000f5580000, 0x00000000fb500000, 0x0000000100000000)
  eden space 64000K, 0% used [0x00000000f5580000,0x00000000f5580000,0x00000000f9400000)
  from space 13824K, 90% used [0x00000000fa780000,0x00000000fb3b2b28,0x00000000fb500000)
  to   space 16896K, 0% used [0x00000000f9400000,0x00000000f9400000,0x00000000fa480000)
 ParOldGen       total 75776K, used 26436K [0x00000000e0000000, 0x00000000e4a00000, 0x00000000f5580000)
  object space 75776K, 34% used [0x00000000e0000000,0x00000000e19d13d8,0x00000000e4a00000)
 Metaspace       used 41686K, capacity 45062K, committed 45184K, reserved 1089536K
  class space    used 4963K, capacity 5930K, committed 6016K, reserved 1048576K
}
Event: 8.715 GC heap before
{Heap before GC invocations=11 (full 2):
 PSYoungGen      total 77824K, used 69321K [0x00000000f5580000, 0x00000000fb500000, 0x0000000100000000)
  eden space 64000K, 88% used [0x00000000f5580000,0x00000000f8cffbc8,0x00000000f9400000)
  from space 13824K, 90% used [0x00000000fa780000,0x00000000fb3b2b28,0x00000000fb500000)
  to   space 16896K, 0% used [0x00000000f9400000,0x00000000f9400000,0x00000000fa480000)
 ParOldGen       total 75776K, used 26436K [0x00000000e0000000, 0x00000000e4a00000, 0x00000000f5580000)
  object space 75776K, 34% used [0x00000000e0000000,0x00000000e19d13d8,0x00000000e4a00000)
 Metaspace       used 54476K, capacity 59072K, committed 59160K, reserved 1099776K
  class space    used 6638K, capacity 8046K, committed 8064K, reserved 1048576K
Event: 8.735 GC heap after
Heap after GC invocations=11 (full 2):
 PSYoungGen      total 80896K, used 16868K [0x00000000f5580000, 0x00000000fce80000, 0x0000000100000000)
  eden space 64000K, 0% used [0x00000000f5580000,0x00000000f5580000,0x00000000f9400000)
  from space 16896K, 99% used [0x00000000f9400000,0x00000000fa479028,0x00000000fa480000)
  to   space 22016K, 0% used [0x00000000fb900000,0x00000000fb900000,0x00000000fce80000)
 ParOldGen       total 75776K, used 32626K [0x00000000e0000000, 0x00000000e4a00000, 0x00000000f5580000)
  object space 75776K, 43% used [0x00000000e0000000,0x00000000e1fdcba0,0x00000000e4a00000)
 Metaspace       used 54476K, capacity 59072K, committed 59160K, reserved 1099776K
  class space    used 6638K, capacity 8046K, committed 8064K, reserved 1048576K
}
Event: 8.735 GC heap before
{Heap before GC invocations=12 (full 3):
 PSYoungGen      total 80896K, used 16868K [0x00000000f5580000, 0x00000000fce80000, 0x0000000100000000)
  eden space 64000K, 0% used [0x00000000f5580000,0x00000000f5580000,0x00000000f9400000)
  from space 16896K, 99% used [0x00000000f9400000,0x00000000fa479028,0x00000000fa480000)
  to   space 22016K, 0% used [0x00000000fb900000,0x00000000fb900000,0x00000000fce80000)
 ParOldGen       total 75776K, used 32626K [0x00000000e0000000, 0x00000000e4a00000, 0x00000000f5580000)
  object space 75776K, 43% used [0x00000000e0000000,0x00000000e1fdcba0,0x00000000e4a00000)
 Metaspace       used 54476K, capacity 59072K, committed 59160K, reserved 1099776K
  class space    used 6638K, capacity 8046K, committed 8064K, reserved 1048576K
Event: 9.007 GC heap after
Heap after GC invocations=12 (full 3):
 PSYoungGen      total 80896K, used 0K [0x00000000f5580000, 0x00000000fce80000, 0x0000000100000000)
  eden space 64000K, 0% used [0x00000000f5580000,0x00000000f5580000,0x00000000f9400000)
  from space 16896K, 0% used [0x00000000f9400000,0x00000000f9400000,0x00000000fa480000)
  to   space 22016K, 0% used [0x00000000fb900000,0x00000000fb900000,0x00000000fce80000)
 ParOldGen       total 110080K, used 43350K [0x00000000e0000000, 0x00000000e6b80000, 0x00000000f5580000)
  object space 110080K, 39% used [0x00000000e0000000,0x00000000e2a55998,0x00000000e6b80000)
 Metaspace       used 54476K, capacity 59072K, committed 59160K, reserved 1099776K
  class space    used 6638K, capacity 8046K, committed 8064K, reserved 1048576K
}
Event: 9.988 GC heap before
{Heap before GC invocations=13 (full 3):
 PSYoungGen      total 80896K, used 64000K [0x00000000f5580000, 0x00000000fce80000, 0x0000000100000000)
  eden space 64000K, 100% used [0x00000000f5580000,0x00000000f9400000,0x00000000f9400000)
  from space 16896K, 0% used [0x00000000f9400000,0x00000000f9400000,0x00000000fa480000)
  to   space 22016K, 0% used [0x00000000fb900000,0x00000000fb900000,0x00000000fce80000)
 ParOldGen       total 110080K, used 43350K [0x00000000e0000000, 0x00000000e6b80000, 0x00000000f5580000)
  object space 110080K, 39% used [0x00000000e0000000,0x00000000e2a55998,0x00000000e6b80000)
 Metaspace       used 59833K, capacity 64582K, committed 64640K, reserved 1105920K
  class space    used 7395K, capacity 8774K, committed 8832K, reserved 1048576K
Event: 10.001 GC heap after
Heap after GC invocations=13 (full 3):
 PSYoungGen      total 89600K, used 11780K [0x00000000f5580000, 0x00000000fc780000, 0x0000000100000000)
  eden space 74752K, 0% used [0x00000000f5580000,0x00000000f5580000,0x00000000f9e80000)
  from space 14848K, 79% used [0x00000000fb900000,0x00000000fc481160,0x00000000fc780000)
  to   space 20992K, 0% used [0x00000000f9e80000,0x00000000f9e80000,0x00000000fb300000)
 ParOldGen       total 110080K, used 43358K [0x00000000e0000000, 0x00000000e6b80000, 0x00000000f5580000)
  object space 110080K, 39% used [0x00000000e0000000,0x00000000e2a57998,0x00000000e6b80000)
 Metaspace       used 59833K, capacity 64582K, committed 64640K, reserved 1105920K
  class space    used 7395K, capacity 8774K, committed 8832K, reserved 1048576K
}
Event: 112.644 GC heap before
{Heap before GC invocations=14 (full 3):
 PSYoungGen      total 89600K, used 86532K [0x00000000f5580000, 0x00000000fc780000, 0x0000000100000000)
  eden space 74752K, 100% used [0x00000000f5580000,0x00000000f9e80000,0x00000000f9e80000)
  from space 14848K, 79% used [0x00000000fb900000,0x00000000fc481160,0x00000000fc780000)
  to   space 20992K, 0% used [0x00000000f9e80000,0x00000000f9e80000,0x00000000fb300000)
 ParOldGen       total 110080K, used 43358K [0x00000000e0000000, 0x00000000e6b80000, 0x00000000f5580000)
  object space 110080K, 39% used [0x00000000e0000000,0x00000000e2a57998,0x00000000e6b80000)
 Metaspace       used 69807K, capacity 75662K, committed 75776K, reserved 1114112K
  class space    used 8678K, capacity 10491K, committed 10496K, reserved 1048576K
Event: 112.667 GC heap after
Heap after GC invocations=14 (full 3):
 PSYoungGen      total 95744K, used 20967K [0x00000000f5580000, 0x00000000fd880000, 0x0000000100000000)
  eden space 74752K, 0% used [0x00000000f5580000,0x00000000f5580000,0x00000000f9e80000)
  from space 20992K, 99% used [0x00000000f9e80000,0x00000000fb2f9ca0,0x00000000fb300000)
  to   space 24576K, 0% used [0x00000000fc080000,0x00000000fc080000,0x00000000fd880000)
 ParOldGen       total 110080K, used 44293K [0x00000000e0000000, 0x00000000e6b80000, 0x00000000f5580000)
  object space 110080K, 40% used [0x00000000e0000000,0x00000000e2b414c8,0x00000000e6b80000)
 Metaspace       used 69807K, capacity 75662K, committed 75776K, reserved 1114112K
  class space    used 8678K, capacity 10491K, committed 10496K, reserved 1048576K
}

