# JRE version: Java(TM) SE Runtime Environment (8.0_45-b15) (build 1.8.0_45-b15)
# Java VM: Java HotSpot(TM) 64-Bit Server VM (25.45-b02 mixed mode windows-amd64 compressed oops)
Heap:
 PSYoungGen      total 128512K, used 106217K [0x00000000f5580000, 0x00000000ff880000, 0x0000000100000000)
  eden space 101888K, 93% used [0x00000000f5580000,0x00000000fb2743d8,0x00000000fb900000)
  from space 26624K, 41% used [0x00000000fd180000,0x00000000fdc463f8,0x00000000feb80000)
  to   space 25088K, 0% used [0x00000000fb900000,0x00000000fb900000,0x00000000fd180000)
 ParOldGen       total 100864K, used 52584K [0x00000000e0000000, 0x00000000e6280000, 0x00000000f5580000)
  object space 100864K, 52% used [0x00000000e0000000,0x00000000e335a1f0,0x00000000e6280000)
 Metaspace       used 88199K, capacity 94946K, committed 95232K, reserved 1130496K
  class space    used 11111K, capacity 13244K, committed 13312K, reserved 1048576K
GC Heap History (10 events):
Event: 63.181 GC heap before
{Heap before GC invocations=17 (full 3):
 PSYoungGen      total 107520K, used 29203K [0x00000000f5580000, 0x00000000fe980000, 0x0000000100000000)
  eden space 82944K, 14% used [0x00000000f5580000,0x00000000f60e38c0,0x00000000fa680000)
  from space 24576K, 71% used [0x00000000fa680000,0x00000000fb7a1720,0x00000000fbe80000)
  to   space 25600K, 0% used [0x00000000fd080000,0x00000000fd080000,0x00000000fe980000)
 ParOldGen       total 100864K, used 36850K [0x00000000e0000000, 0x00000000e6280000, 0x00000000f5580000)
  object space 100864K, 36% used [0x00000000e0000000,0x00000000e23fc8e8,0x00000000e6280000)
 Metaspace       used 74058K, capacity 79944K, committed 80128K, reserved 1118208K
  class space    used 9177K, capacity 10947K, committed 11008K, reserved 1048576K
Event: 63.217 GC heap after
Heap after GC invocations=17 (full 3):
 PSYoungGen      total 125440K, used 17785K [0x00000000f5580000, 0x00000000fea80000, 0x0000000100000000)
  eden space 99840K, 0% used [0x00000000f5580000,0x00000000f5580000,0x00000000fb700000)
  from space 25600K, 69% used [0x00000000fd080000,0x00000000fe1de788,0x00000000fe980000)
  to   space 26112K, 0% used [0x00000000fb700000,0x00000000fb700000,0x00000000fd080000)
 ParOldGen       total 100864K, used 36858K [0x00000000e0000000, 0x00000000e6280000, 0x00000000f5580000)
  object space 100864K, 36% used [0x00000000e0000000,0x00000000e23fe8e8,0x00000000e6280000)
 Metaspace       used 74058K, capacity 79944K, committed 80128K, reserved 1118208K
  class space    used 9177K, capacity 10947K, committed 11008K, reserved 1048576K
}
Event: 63.217 GC heap before
{Heap before GC invocations=18 (full 4):
 PSYoungGen      total 125440K, used 17785K [0x00000000f5580000, 0x00000000fea80000, 0x0000000100000000)
  eden space 99840K, 0% used [0x00000000f5580000,0x00000000f5580000,0x00000000fb700000)
  from space 25600K, 69% used [0x00000000fd080000,0x00000000fe1de788,0x00000000fe980000)
  to   space 26112K, 0% used [0x00000000fb700000,0x00000000fb700000,0x00000000fd080000)
 ParOldGen       total 100864K, used 36858K [0x00000000e0000000, 0x00000000e6280000, 0x00000000f5580000)
  object space 100864K, 36% used [0x00000000e0000000,0x00000000e23fe8e8,0x00000000e6280000)
 Metaspace       used 74058K, capacity 79944K, committed 80128K, reserved 1118208K
  class space    used 9177K, capacity 10947K, committed 11008K, reserved 1048576K
Event: 63.645 GC heap after
Heap after GC invocations=18 (full 4):
 PSYoungGen      total 125440K, used 0K [0x00000000f5580000, 0x00000000fea80000, 0x0000000100000000)
  eden space 99840K, 0% used [0x00000000f5580000,0x00000000f5580000,0x00000000fb700000)
  from space 25600K, 0% used [0x00000000fd080000,0x00000000fd080000,0x00000000fe980000)
  to   space 26112K, 0% used [0x00000000fb700000,0x00000000fb700000,0x00000000fd080000)
 ParOldGen       total 100864K, used 50807K [0x00000000e0000000, 0x00000000e6280000, 0x00000000f5580000)
  object space 100864K, 50% used [0x00000000e0000000,0x00000000e319df20,0x00000000e6280000)
 Metaspace       used 74058K, capacity 79944K, committed 80128K, reserved 1118208K
  class space    used 9177K, capacity 10947K, committed 11008K, reserved 1048576K
}
Event: 129.100 GC heap before
{Heap before GC invocations=19 (full 4):
 PSYoungGen      total 125440K, used 60812K [0x00000000f5580000, 0x00000000fea80000, 0x0000000100000000)
  eden space 99840K, 60% used [0x00000000f5580000,0x00000000f90e3180,0x00000000fb700000)
  from space 25600K, 0% used [0x00000000fd080000,0x00000000fd080000,0x00000000fe980000)
  to   space 26112K, 0% used [0x00000000fb700000,0x00000000fb700000,0x00000000fd080000)
 ParOldGen       total 100864K, used 50807K [0x00000000e0000000, 0x00000000e6280000, 0x00000000f5580000)
  object space 100864K, 50% used [0x00000000e0000000,0x00000000e319df20,0x00000000e6280000)
 Metaspace       used 76319K, capacity 82242K, committed 82432K, reserved 1120256K
  class space    used 9419K, capacity 11240K, committed 11264K, reserved 1048576K
Event: 129.106 GC heap after
Heap after GC invocations=19 (full 4):
 PSYoungGen      total 125952K, used 3761K [0x00000000f5580000, 0x00000000feb80000, 0x0000000100000000)
  eden space 99840K, 0% used [0x00000000f5580000,0x00000000f5580000,0x00000000fb700000)
  from space 26112K, 14% used [0x00000000fb700000,0x00000000fbaac728,0x00000000fd080000)
  to   space 26624K, 0% used [0x00000000fd180000,0x00000000fd180000,0x00000000feb80000)
 ParOldGen       total 100864K, used 50815K [0x00000000e0000000, 0x00000000e6280000, 0x00000000f5580000)
  object space 100864K, 50% used [0x00000000e0000000,0x00000000e319ff20,0x00000000e6280000)
 Metaspace       used 76319K, capacity 82242K, committed 82432K, reserved 1120256K
  class space    used 9419K, capacity 11240K, committed 11264K, reserved 1048576K
}
Event: 129.106 GC heap before
{Heap before GC invocations=20 (full 5):
 PSYoungGen      total 125952K, used 3761K [0x00000000f5580000, 0x00000000feb80000, 0x0000000100000000)
  eden space 99840K, 0% used [0x00000000f5580000,0x00000000f5580000,0x00000000fb700000)
  from space 26112K, 14% used [0x00000000fb700000,0x00000000fbaac728,0x00000000fd080000)
  to   space 26624K, 0% used [0x00000000fd180000,0x00000000fd180000,0x00000000feb80000)
 ParOldGen       total 100864K, used 50815K [0x00000000e0000000, 0x00000000e6280000, 0x00000000f5580000)
  object space 100864K, 50% used [0x00000000e0000000,0x00000000e319ff20,0x00000000e6280000)
 Metaspace       used 76319K, capacity 82242K, committed 82432K, reserved 1120256K
  class space    used 9419K, capacity 11240K, committed 11264K, reserved 1048576K
Event: 129.562 GC heap after
Heap after GC invocations=20 (full 5):
 PSYoungGen      total 125952K, used 0K [0x00000000f5580000, 0x00000000feb80000, 0x0000000100000000)
  eden space 99840K, 0% used [0x00000000f5580000,0x00000000f5580000,0x00000000fb700000)
  from space 26112K, 0% used [0x00000000fb700000,0x00000000fb700000,0x00000000fd080000)
  to   space 26624K, 0% used [0x00000000fd180000,0x00000000fd180000,0x00000000feb80000)
 ParOldGen       total 100864K, used 52576K [0x00000000e0000000, 0x00000000e6280000, 0x00000000f5580000)
  object space 100864K, 52% used [0x00000000e0000000,0x00000000e33581f0,0x00000000e6280000)
 Metaspace       used 76319K, capacity 82242K, committed 82432K, reserved 1120256K
  class space    used 9419K, capacity 11240K, committed 11264K, reserved 1048576K
}
Event: 160.106 GC heap before
{Heap before GC invocations=21 (full 5):
 PSYoungGen      total 125952K, used 99840K [0x00000000f5580000, 0x00000000feb80000, 0x0000000100000000)
  eden space 99840K, 100% used [0x00000000f5580000,0x00000000fb700000,0x00000000fb700000)
  from space 26112K, 0% used [0x00000000fb700000,0x00000000fb700000,0x00000000fd080000)
  to   space 26624K, 0% used [0x00000000fd180000,0x00000000fd180000,0x00000000feb80000)
 ParOldGen       total 100864K, used 52576K [0x00000000e0000000, 0x00000000e6280000, 0x00000000f5580000)
  object space 100864K, 52% used [0x00000000e0000000,0x00000000e33581f0,0x00000000e6280000)
 Metaspace       used 83355K, capacity 89938K, committed 90112K, reserved 1126400K
  class space    used 10401K, capacity 12441K, committed 12544K, reserved 1048576K
Event: 160.122 GC heap after
Heap after GC invocations=21 (full 5):
 PSYoungGen      total 128512K, used 11032K [0x00000000f5580000, 0x00000000ff880000, 0x0000000100000000)
  eden space 101888K, 0% used [0x00000000f5580000,0x00000000f5580000,0x00000000fb900000)
  from space 26624K, 41% used [0x00000000fd180000,0x00000000fdc463f8,0x00000000feb80000)
  to   space 25088K, 0% used [0x00000000fb900000,0x00000000fb900000,0x00000000fd180000)
 ParOldGen       total 100864K, used 52584K [0x00000000e0000000, 0x00000000e6280000, 0x00000000f5580000)
  object space 100864K, 52% used [0x00000000e0000000,0x00000000e335a1f0,0x00000000e6280000)
 Metaspace       used 83355K, capacity 89938K, committed 90112K, reserved 1126400K
  class space    used 10401K, capacity 12441K, committed 12544K, reserved 1048576K
}

