# JRE version: Java(TM) SE Runtime Environment (8.0_45-b15) (build 1.8.0_45-b15)
# Java VM: Java HotSpot(TM) 64-Bit Server VM (25.45-b02 mixed mode windows-amd64 compressed oops)
Heap:
 PSYoungGen      total 93184K, used 38960K [0x00000000f5580000, 0x00000000fbb80000, 0x0000000100000000)
  eden space 84992K, 45% used [0x00000000f5580000,0x00000000f7b8c110,0x00000000fa880000)
  from space 8192K, 0% used [0x00000000fb180000,0x00000000fb180000,0x00000000fb980000)
  to   space 9216K, 0% used [0x00000000fa880000,0x00000000fa880000,0x00000000fb180000)
 ParOldGen       total 107520K, used 44747K [0x00000000e0000000, 0x00000000e6900000, 0x00000000f5580000)
  object space 107520K, 41% used [0x00000000e0000000,0x00000000e2bb2dd0,0x00000000e6900000)
 Metaspace       used 89134K, capacity 95698K, committed 96128K, reserved 1132544K
  class space    used 11254K, capacity 13316K, committed 13440K, reserved 1048576K
GC Heap History (10 events):
Event: 4721.327 GC heap before
{Heap before GC invocations=77 (full 33):
 PSYoungGen      total 94208K, used 128K [0x00000000f5580000, 0x00000000fba80000, 0x0000000100000000)
  eden space 86016K, 0% used [0x00000000f5580000,0x00000000f5580000,0x00000000fa980000)
  from space 8192K, 1% used [0x00000000fb280000,0x00000000fb2a0000,0x00000000fba80000)
  to   space 8704K, 0% used [0x00000000fa980000,0x00000000fa980000,0x00000000fb200000)
 ParOldGen       total 107520K, used 40215K [0x00000000e0000000, 0x00000000e6900000, 0x00000000f5580000)
  object space 107520K, 37% used [0x00000000e0000000,0x00000000e2745ca8,0x00000000e6900000)
 Metaspace       used 85761K, capacity 92698K, committed 92928K, reserved 1128448K
  class space    used 10897K, capacity 12984K, committed 13056K, reserved 1048576K
Event: 4721.465 GC heap after
Heap after GC invocations=77 (full 33):
 PSYoungGen      total 94208K, used 0K [0x00000000f5580000, 0x00000000fba80000, 0x0000000100000000)
  eden space 86016K, 0% used [0x00000000f5580000,0x00000000f5580000,0x00000000fa980000)
  from space 8192K, 0% used [0x00000000fb280000,0x00000000fb280000,0x00000000fba80000)
  to   space 8704K, 0% used [0x00000000fa980000,0x00000000fa980000,0x00000000fb200000)
 ParOldGen       total 107520K, used 40214K [0x00000000e0000000, 0x00000000e6900000, 0x00000000f5580000)
  object space 107520K, 37% used [0x00000000e0000000,0x00000000e2745a88,0x00000000e6900000)
 Metaspace       used 85761K, capacity 92698K, committed 92928K, reserved 1128448K
  class space    used 10897K, capacity 12984K, committed 13056K, reserved 1048576K
}
Event: 4781.334 GC heap before
{Heap before GC invocations=78 (full 33):
 PSYoungGen      total 94208K, used 4140K [0x00000000f5580000, 0x00000000fba80000, 0x0000000100000000)
  eden space 86016K, 4% used [0x00000000f5580000,0x00000000f598b240,0x00000000fa980000)
  from space 8192K, 0% used [0x00000000fb280000,0x00000000fb280000,0x00000000fba80000)
  to   space 8704K, 0% used [0x00000000fa980000,0x00000000fa980000,0x00000000fb200000)
 ParOldGen       total 107520K, used 40214K [0x00000000e0000000, 0x00000000e6900000, 0x00000000f5580000)
  object space 107520K, 37% used [0x00000000e0000000,0x00000000e2745a88,0x00000000e6900000)
 Metaspace       used 85761K, capacity 92698K, committed 92928K, reserved 1128448K
  class space    used 10897K, capacity 12984K, committed 13056K, reserved 1048576K
Event: 4781.337 GC heap after
Heap after GC invocations=78 (full 33):
 PSYoungGen      total 86528K, used 128K [0x00000000f5580000, 0x00000000fb980000, 0x0000000100000000)
  eden space 86016K, 0% used [0x00000000f5580000,0x00000000f5580000,0x00000000fa980000)
  from space 512K, 25% used [0x00000000fa980000,0x00000000fa9a0000,0x00000000faa00000)
  to   space 8192K, 0% used [0x00000000fb180000,0x00000000fb180000,0x00000000fb980000)
 ParOldGen       total 107520K, used 40214K [0x00000000e0000000, 0x00000000e6900000, 0x00000000f5580000)
  object space 107520K, 37% used [0x00000000e0000000,0x00000000e2745a88,0x00000000e6900000)
 Metaspace       used 85761K, capacity 92698K, committed 92928K, reserved 1128448K
  class space    used 10897K, capacity 12984K, committed 13056K, reserved 1048576K
}
Event: 4781.337 GC heap before
{Heap before GC invocations=79 (full 34):
 PSYoungGen      total 86528K, used 128K [0x00000000f5580000, 0x00000000fb980000, 0x0000000100000000)
  eden space 86016K, 0% used [0x00000000f5580000,0x00000000f5580000,0x00000000fa980000)
  from space 512K, 25% used [0x00000000fa980000,0x00000000fa9a0000,0x00000000faa00000)
  to   space 8192K, 0% used [0x00000000fb180000,0x00000000fb180000,0x00000000fb980000)
 ParOldGen       total 107520K, used 40214K [0x00000000e0000000, 0x00000000e6900000, 0x00000000f5580000)
  object space 107520K, 37% used [0x00000000e0000000,0x00000000e2745a88,0x00000000e6900000)
 Metaspace       used 85761K, capacity 92698K, committed 92928K, reserved 1128448K
  class space    used 10897K, capacity 12984K, committed 13056K, reserved 1048576K
Event: 4781.484 GC heap after
Heap after GC invocations=79 (full 34):
 PSYoungGen      total 86528K, used 0K [0x00000000f5580000, 0x00000000fb980000, 0x0000000100000000)
  eden space 86016K, 0% used [0x00000000f5580000,0x00000000f5580000,0x00000000fa980000)
  from space 512K, 0% used [0x00000000fa980000,0x00000000fa980000,0x00000000faa00000)
  to   space 8192K, 0% used [0x00000000fb180000,0x00000000fb180000,0x00000000fb980000)
 ParOldGen       total 107520K, used 40214K [0x00000000e0000000, 0x00000000e6900000, 0x00000000f5580000)
  object space 107520K, 37% used [0x00000000e0000000,0x00000000e2745ab8,0x00000000e6900000)
 Metaspace       used 85761K, capacity 92698K, committed 92928K, reserved 1128448K
  class space    used 10897K, capacity 12984K, committed 13056K, reserved 1048576K
}
Event: 4860.722 GC heap before
{Heap before GC invocations=80 (full 34):
 PSYoungGen      total 86528K, used 53272K [0x00000000f5580000, 0x00000000fb980000, 0x0000000100000000)
  eden space 86016K, 61% used [0x00000000f5580000,0x00000000f8986090,0x00000000fa980000)
  from space 512K, 0% used [0x00000000fa980000,0x00000000fa980000,0x00000000faa00000)
  to   space 8192K, 0% used [0x00000000fb180000,0x00000000fb180000,0x00000000fb980000)
 ParOldGen       total 107520K, used 40214K [0x00000000e0000000, 0x00000000e6900000, 0x00000000f5580000)
  object space 107520K, 37% used [0x00000000e0000000,0x00000000e2745ab8,0x00000000e6900000)
 Metaspace       used 88182K, capacity 95094K, committed 95488K, reserved 1132544K
  class space    used 11150K, capacity 13248K, committed 13312K, reserved 1048576K
Event: 4860.729 GC heap after
Heap after GC invocations=80 (full 34):
 PSYoungGen      total 93184K, used 5909K [0x00000000f5580000, 0x00000000fbb80000, 0x0000000100000000)
  eden space 84992K, 0% used [0x00000000f5580000,0x00000000f5580000,0x00000000fa880000)
  from space 8192K, 72% used [0x00000000fb180000,0x00000000fb745640,0x00000000fb980000)
  to   space 9216K, 0% used [0x00000000fa880000,0x00000000fa880000,0x00000000fb180000)
 ParOldGen       total 107520K, used 40222K [0x00000000e0000000, 0x00000000e6900000, 0x00000000f5580000)
  object space 107520K, 37% used [0x00000000e0000000,0x00000000e2747ab8,0x00000000e6900000)
 Metaspace       used 88182K, capacity 95094K, committed 95488K, reserved 1132544K
  class space    used 11150K, capacity 13248K, committed 13312K, reserved 1048576K
}
Event: 4860.729 GC heap before
{Heap before GC invocations=81 (full 35):
 PSYoungGen      total 93184K, used 5909K [0x00000000f5580000, 0x00000000fbb80000, 0x0000000100000000)
  eden space 84992K, 0% used [0x00000000f5580000,0x00000000f5580000,0x00000000fa880000)
  from space 8192K, 72% used [0x00000000fb180000,0x00000000fb745640,0x00000000fb980000)
  to   space 9216K, 0% used [0x00000000fa880000,0x00000000fa880000,0x00000000fb180000)
 ParOldGen       total 107520K, used 40222K [0x00000000e0000000, 0x00000000e6900000, 0x00000000f5580000)
  object space 107520K, 37% used [0x00000000e0000000,0x00000000e2747ab8,0x00000000e6900000)
 Metaspace       used 88182K, capacity 95094K, committed 95488K, reserved 1132544K
  class space    used 11150K, capacity 13248K, committed 13312K, reserved 1048576K
Event: 4861.299 GC heap after
Heap after GC invocations=81 (full 35):
 PSYoungGen      total 93184K, used 0K [0x00000000f5580000, 0x00000000fbb80000, 0x0000000100000000)
  eden space 84992K, 0% used [0x00000000f5580000,0x00000000f5580000,0x00000000fa880000)
  from space 8192K, 0% used [0x00000000fb180000,0x00000000fb180000,0x00000000fb980000)
  to   space 9216K, 0% used [0x00000000fa880000,0x00000000fa880000,0x00000000fb180000)
 ParOldGen       total 107520K, used 44747K [0x00000000e0000000, 0x00000000e6900000, 0x00000000f5580000)
  object space 107520K, 41% used [0x00000000e0000000,0x00000000e2bb2dd0,0x00000000e6900000)
 Metaspace       used 88182K, capacity 95094K, committed 95488K, reserved 1132544K
  class space    used 11150K, capacity 13248K, committed 13312K, reserved 1048576K
}

