# JRE version: Java(TM) SE Runtime Environment (8.0_45-b15) (build 1.8.0_45-b15)
# Java VM: Java HotSpot(TM) 64-Bit Server VM (25.45-b02 mixed mode windows-amd64 compressed oops)
Heap:
 PSYoungGen      total 91648K, used 42292K [0x00000000f5580000, 0x00000000fc300000, 0x0000000100000000)
  eden space 72192K, 58% used [0x00000000f5580000,0x00000000f7ecd0d0,0x00000000f9c00000)
  from space 19456K, 0% used [0x00000000fb000000,0x00000000fb000000,0x00000000fc300000)
  to   space 19968K, 0% used [0x00000000f9c00000,0x00000000f9c00000,0x00000000faf80000)
 ParOldGen       total 104448K, used 43903K [0x00000000e0000000, 0x00000000e6600000, 0x00000000f5580000)
  object space 104448K, 42% used [0x00000000e0000000,0x00000000e2adfc18,0x00000000e6600000)
 Metaspace       used 90833K, capacity 97564K, committed 97792K, reserved 1134592K
  class space    used 11250K, capacity 13264K, committed 13312K, reserved 1048576K
GC Heap History (10 events):
Event: 8417.925 GC heap before
{Heap before GC invocations=40 (full 10):
 PSYoungGen      total 92672K, used 480K [0x00000000f5580000, 0x00000000fc500000, 0x0000000100000000)
  eden space 72192K, 0% used [0x00000000f5580000,0x00000000f5580000,0x00000000f9c00000)
  from space 20480K, 2% used [0x00000000fb100000,0x00000000fb178000,0x00000000fc500000)
  to   space 20992K, 0% used [0x00000000f9c00000,0x00000000f9c00000,0x00000000fb080000)
 ParOldGen       total 104448K, used 46720K [0x00000000e0000000, 0x00000000e6600000, 0x00000000f5580000)
  object space 104448K, 44% used [0x00000000e0000000,0x00000000e2da02d8,0x00000000e6600000)
 Metaspace       used 90096K, capacity 97104K, committed 97280K, reserved 1132544K
  class space    used 11170K, capacity 13262K, committed 13312K, reserved 1048576K
Event: 8418.175 GC heap after
Heap after GC invocations=40 (full 10):
 PSYoungGen      total 92672K, used 0K [0x00000000f5580000, 0x00000000fc500000, 0x0000000100000000)
  eden space 72192K, 0% used [0x00000000f5580000,0x00000000f5580000,0x00000000f9c00000)
  from space 20480K, 0% used [0x00000000fb100000,0x00000000fb100000,0x00000000fc500000)
  to   space 20992K, 0% used [0x00000000f9c00000,0x00000000f9c00000,0x00000000fb080000)
 ParOldGen       total 104448K, used 44223K [0x00000000e0000000, 0x00000000e6600000, 0x00000000f5580000)
  object space 104448K, 42% used [0x00000000e0000000,0x00000000e2b2feb8,0x00000000e6600000)
 Metaspace       used 90096K, capacity 97104K, committed 97280K, reserved 1132544K
  class space    used 11170K, capacity 13262K, committed 13312K, reserved 1048576K
}
Event: 8477.928 GC heap before
{Heap before GC invocations=41 (full 10):
 PSYoungGen      total 92672K, used 3050K [0x00000000f5580000, 0x00000000fc500000, 0x0000000100000000)
  eden space 72192K, 4% used [0x00000000f5580000,0x00000000f587abe8,0x00000000f9c00000)
  from space 20480K, 0% used [0x00000000fb100000,0x00000000fb100000,0x00000000fc500000)
  to   space 20992K, 0% used [0x00000000f9c00000,0x00000000f9c00000,0x00000000fb080000)
 ParOldGen       total 104448K, used 44223K [0x00000000e0000000, 0x00000000e6600000, 0x00000000f5580000)
  object space 104448K, 42% used [0x00000000e0000000,0x00000000e2b2feb8,0x00000000e6600000)
 Metaspace       used 90096K, capacity 97104K, committed 97280K, reserved 1132544K
  class space    used 11170K, capacity 13262K, committed 13312K, reserved 1048576K
Event: 8477.931 GC heap after
Heap after GC invocations=41 (full 10):
 PSYoungGen      total 72704K, used 160K [0x00000000f5580000, 0x00000000fc400000, 0x0000000100000000)
  eden space 72192K, 0% used [0x00000000f5580000,0x00000000f5580000,0x00000000f9c00000)
  from space 512K, 31% used [0x00000000f9c00000,0x00000000f9c28000,0x00000000f9c80000)
  to   space 20480K, 0% used [0x00000000fb000000,0x00000000fb000000,0x00000000fc400000)
 ParOldGen       total 104448K, used 44223K [0x00000000e0000000, 0x00000000e6600000, 0x00000000f5580000)
  object space 104448K, 42% used [0x00000000e0000000,0x00000000e2b2feb8,0x00000000e6600000)
 Metaspace       used 90096K, capacity 97104K, committed 97280K, reserved 1132544K
  class space    used 11170K, capacity 13262K, committed 13312K, reserved 1048576K
}
Event: 8477.931 GC heap before
{Heap before GC invocations=42 (full 11):
 PSYoungGen      total 72704K, used 160K [0x00000000f5580000, 0x00000000fc400000, 0x0000000100000000)
  eden space 72192K, 0% used [0x00000000f5580000,0x00000000f5580000,0x00000000f9c00000)
  from space 512K, 31% used [0x00000000f9c00000,0x00000000f9c28000,0x00000000f9c80000)
  to   space 20480K, 0% used [0x00000000fb000000,0x00000000fb000000,0x00000000fc400000)
 ParOldGen       total 104448K, used 44223K [0x00000000e0000000, 0x00000000e6600000, 0x00000000f5580000)
  object space 104448K, 42% used [0x00000000e0000000,0x00000000e2b2feb8,0x00000000e6600000)
 Metaspace       used 90096K, capacity 97104K, committed 97280K, reserved 1132544K
  class space    used 11170K, capacity 13262K, committed 13312K, reserved 1048576K
Event: 8478.135 GC heap after
Heap after GC invocations=42 (full 11):
 PSYoungGen      total 72704K, used 0K [0x00000000f5580000, 0x00000000fc400000, 0x0000000100000000)
  eden space 72192K, 0% used [0x00000000f5580000,0x00000000f5580000,0x00000000f9c00000)
  from space 512K, 0% used [0x00000000f9c00000,0x00000000f9c00000,0x00000000f9c80000)
  to   space 20480K, 0% used [0x00000000fb000000,0x00000000fb000000,0x00000000fc400000)
 ParOldGen       total 104448K, used 43983K [0x00000000e0000000, 0x00000000e6600000, 0x00000000f5580000)
  object space 104448K, 42% used [0x00000000e0000000,0x00000000e2af3f90,0x00000000e6600000)
 Metaspace       used 90096K, capacity 97104K, committed 97280K, reserved 1132544K
  class space    used 11170K, capacity 13262K, committed 13312K, reserved 1048576K
}
Event: 8541.363 GC heap before
{Heap before GC invocations=43 (full 11):
 PSYoungGen      total 72704K, used 6072K [0x00000000f5580000, 0x00000000fc400000, 0x0000000100000000)
  eden space 72192K, 8% used [0x00000000f5580000,0x00000000f5b6e218,0x00000000f9c00000)
  from space 512K, 0% used [0x00000000f9c00000,0x00000000f9c00000,0x00000000f9c80000)
  to   space 20480K, 0% used [0x00000000fb000000,0x00000000fb000000,0x00000000fc400000)
 ParOldGen       total 104448K, used 43983K [0x00000000e0000000, 0x00000000e6600000, 0x00000000f5580000)
  object space 104448K, 42% used [0x00000000e0000000,0x00000000e2af3f90,0x00000000e6600000)
 Metaspace       used 90104K, capacity 97104K, committed 97280K, reserved 1132544K
  class space    used 11170K, capacity 13262K, committed 13312K, reserved 1048576K
Event: 8541.366 GC heap after
Heap after GC invocations=43 (full 11):
 PSYoungGen      total 91648K, used 160K [0x00000000f5580000, 0x00000000fc300000, 0x0000000100000000)
  eden space 72192K, 0% used [0x00000000f5580000,0x00000000f5580000,0x00000000f9c00000)
  from space 19456K, 0% used [0x00000000fb000000,0x00000000fb028000,0x00000000fc300000)
  to   space 19968K, 0% used [0x00000000f9c00000,0x00000000f9c00000,0x00000000faf80000)
 ParOldGen       total 104448K, used 43983K [0x00000000e0000000, 0x00000000e6600000, 0x00000000f5580000)
  object space 104448K, 42% used [0x00000000e0000000,0x00000000e2af3f90,0x00000000e6600000)
 Metaspace       used 90104K, capacity 97104K, committed 97280K, reserved 1132544K
  class space    used 11170K, capacity 13262K, committed 13312K, reserved 1048576K
}
Event: 8541.366 GC heap before
{Heap before GC invocations=44 (full 12):
 PSYoungGen      total 91648K, used 160K [0x00000000f5580000, 0x00000000fc300000, 0x0000000100000000)
  eden space 72192K, 0% used [0x00000000f5580000,0x00000000f5580000,0x00000000f9c00000)
  from space 19456K, 0% used [0x00000000fb000000,0x00000000fb028000,0x00000000fc300000)
  to   space 19968K, 0% used [0x00000000f9c00000,0x00000000f9c00000,0x00000000faf80000)
 ParOldGen       total 104448K, used 43983K [0x00000000e0000000, 0x00000000e6600000, 0x00000000f5580000)
  object space 104448K, 42% used [0x00000000e0000000,0x00000000e2af3f90,0x00000000e6600000)
 Metaspace       used 90104K, capacity 97104K, committed 97280K, reserved 1132544K
  class space    used 11170K, capacity 13262K, committed 13312K, reserved 1048576K
Event: 8541.593 GC heap after
Heap after GC invocations=44 (full 12):
 PSYoungGen      total 91648K, used 0K [0x00000000f5580000, 0x00000000fc300000, 0x0000000100000000)
  eden space 72192K, 0% used [0x00000000f5580000,0x00000000f5580000,0x00000000f9c00000)
  from space 19456K, 0% used [0x00000000fb000000,0x00000000fb000000,0x00000000fc300000)
  to   space 19968K, 0% used [0x00000000f9c00000,0x00000000f9c00000,0x00000000faf80000)
 ParOldGen       total 104448K, used 43903K [0x00000000e0000000, 0x00000000e6600000, 0x00000000f5580000)
  object space 104448K, 42% used [0x00000000e0000000,0x00000000e2adfc18,0x00000000e6600000)
 Metaspace       used 90100K, capacity 97098K, committed 97280K, reserved 1132544K
  class space    used 11170K, capacity 13261K, committed 13312K, reserved 1048576K
}

