# JRE version: Java(TM) SE Runtime Environment (8.0_45-b15) (build 1.8.0_45-b15)
# Java VM: Java HotSpot(TM) 64-Bit Server VM (25.45-b02 mixed mode windows-amd64 compressed oops)
Heap:
 PSYoungGen      total 101376K, used 52142K [0x00000000f5580000, 0x00000000fb980000, 0x0000000100000000)
  eden space 100352K, 51% used [0x00000000f5580000,0x00000000f886ba18,0x00000000fb780000)
  from space 1024K, 0% used [0x00000000fb880000,0x00000000fb880000,0x00000000fb980000)
  to   space 1024K, 0% used [0x00000000fb780000,0x00000000fb780000,0x00000000fb880000)
 ParOldGen       total 112128K, used 49521K [0x00000000e0000000, 0x00000000e6d80000, 0x00000000f5580000)
  object space 112128K, 44% used [0x00000000e0000000,0x00000000e305c6a0,0x00000000e6d80000)
 Metaspace       used 95521K, capacity 102096K, committed 102400K, reserved 1138688K
  class space    used 11504K, capacity 13720K, committed 13824K, reserved 1048576K
GC Heap History (10 events):
Event: 11512.733 GC heap before
{Heap before GC invocations=398 (full 188):
 PSYoungGen      total 101376K, used 192K [0x00000000f5580000, 0x00000000fb980000, 0x0000000100000000)
  eden space 100352K, 0% used [0x00000000f5580000,0x00000000f5580000,0x00000000fb780000)
  from space 1024K, 18% used [0x00000000fb880000,0x00000000fb8b0000,0x00000000fb980000)
  to   space 1024K, 0% used [0x00000000fb780000,0x00000000fb780000,0x00000000fb880000)
 ParOldGen       total 112128K, used 49662K [0x00000000e0000000, 0x00000000e6d80000, 0x00000000f5580000)
  object space 112128K, 44% used [0x00000000e0000000,0x00000000e307fb80,0x00000000e6d80000)
 Metaspace       used 95014K, capacity 101758K, committed 102016K, reserved 1138688K
  class space    used 11454K, capacity 13653K, committed 13696K, reserved 1048576K
Event: 11512.867 GC heap after
Heap after GC invocations=398 (full 188):
 PSYoungGen      total 101376K, used 0K [0x00000000f5580000, 0x00000000fb980000, 0x0000000100000000)
  eden space 100352K, 0% used [0x00000000f5580000,0x00000000f5580000,0x00000000fb780000)
  from space 1024K, 0% used [0x00000000fb880000,0x00000000fb880000,0x00000000fb980000)
  to   space 1024K, 0% used [0x00000000fb780000,0x00000000fb780000,0x00000000fb880000)
 ParOldGen       total 112128K, used 49521K [0x00000000e0000000, 0x00000000e6d80000, 0x00000000f5580000)
  object space 112128K, 44% used [0x00000000e0000000,0x00000000e305c608,0x00000000e6d80000)
 Metaspace       used 95014K, capacity 101758K, committed 102016K, reserved 1138688K
  class space    used 11454K, capacity 13653K, committed 13696K, reserved 1048576K
}
Event: 11572.738 GC heap before
{Heap before GC invocations=399 (full 188):
 PSYoungGen      total 101376K, used 3454K [0x00000000f5580000, 0x00000000fb980000, 0x0000000100000000)
  eden space 100352K, 3% used [0x00000000f5580000,0x00000000f58df890,0x00000000fb780000)
  from space 1024K, 0% used [0x00000000fb880000,0x00000000fb880000,0x00000000fb980000)
  to   space 1024K, 0% used [0x00000000fb780000,0x00000000fb780000,0x00000000fb880000)
 ParOldGen       total 112128K, used 49521K [0x00000000e0000000, 0x00000000e6d80000, 0x00000000f5580000)
  object space 112128K, 44% used [0x00000000e0000000,0x00000000e305c608,0x00000000e6d80000)
 Metaspace       used 95023K, capacity 101822K, committed 102016K, reserved 1138688K
  class space    used 11454K, capacity 13653K, committed 13696K, reserved 1048576K
Event: 11572.747 GC heap after
Heap after GC invocations=399 (full 188):
 PSYoungGen      total 101376K, used 128K [0x00000000f5580000, 0x00000000fb980000, 0x0000000100000000)
  eden space 100352K, 0% used [0x00000000f5580000,0x00000000f5580000,0x00000000fb780000)
  from space 1024K, 12% used [0x00000000fb780000,0x00000000fb7a0000,0x00000000fb880000)
  to   space 1024K, 0% used [0x00000000fb880000,0x00000000fb880000,0x00000000fb980000)
 ParOldGen       total 112128K, used 49529K [0x00000000e0000000, 0x00000000e6d80000, 0x00000000f5580000)
  object space 112128K, 44% used [0x00000000e0000000,0x00000000e305e608,0x00000000e6d80000)
 Metaspace       used 95023K, capacity 101822K, committed 102016K, reserved 1138688K
  class space    used 11454K, capacity 13653K, committed 13696K, reserved 1048576K
}
Event: 11572.747 GC heap before
{Heap before GC invocations=400 (full 189):
 PSYoungGen      total 101376K, used 128K [0x00000000f5580000, 0x00000000fb980000, 0x0000000100000000)
  eden space 100352K, 0% used [0x00000000f5580000,0x00000000f5580000,0x00000000fb780000)
  from space 1024K, 12% used [0x00000000fb780000,0x00000000fb7a0000,0x00000000fb880000)
  to   space 1024K, 0% used [0x00000000fb880000,0x00000000fb880000,0x00000000fb980000)
 ParOldGen       total 112128K, used 49529K [0x00000000e0000000, 0x00000000e6d80000, 0x00000000f5580000)
  object space 112128K, 44% used [0x00000000e0000000,0x00000000e305e608,0x00000000e6d80000)
 Metaspace       used 95023K, capacity 101822K, committed 102016K, reserved 1138688K
  class space    used 11454K, capacity 13653K, committed 13696K, reserved 1048576K
Event: 11572.881 GC heap after
Heap after GC invocations=400 (full 189):
 PSYoungGen      total 101376K, used 0K [0x00000000f5580000, 0x00000000fb980000, 0x0000000100000000)
  eden space 100352K, 0% used [0x00000000f5580000,0x00000000f5580000,0x00000000fb780000)
  from space 1024K, 0% used [0x00000000fb780000,0x00000000fb780000,0x00000000fb880000)
  to   space 1024K, 0% used [0x00000000fb880000,0x00000000fb880000,0x00000000fb980000)
 ParOldGen       total 112128K, used 49521K [0x00000000e0000000, 0x00000000e6d80000, 0x00000000f5580000)
  object space 112128K, 44% used [0x00000000e0000000,0x00000000e305c6a0,0x00000000e6d80000)
 Metaspace       used 95023K, capacity 101822K, committed 102016K, reserved 1138688K
  class space    used 11454K, capacity 13653K, committed 13696K, reserved 1048576K
}
Event: 11632.752 GC heap before
{Heap before GC invocations=401 (full 189):
 PSYoungGen      total 101376K, used 3455K [0x00000000f5580000, 0x00000000fb980000, 0x0000000100000000)
  eden space 100352K, 3% used [0x00000000f5580000,0x00000000f58dfc00,0x00000000fb780000)
  from space 1024K, 0% used [0x00000000fb780000,0x00000000fb780000,0x00000000fb880000)
  to   space 1024K, 0% used [0x00000000fb880000,0x00000000fb880000,0x00000000fb980000)
 ParOldGen       total 112128K, used 49521K [0x00000000e0000000, 0x00000000e6d80000, 0x00000000f5580000)
  object space 112128K, 44% used [0x00000000e0000000,0x00000000e305c6a0,0x00000000e6d80000)
 Metaspace       used 95023K, capacity 101822K, committed 102016K, reserved 1138688K
  class space    used 11454K, capacity 13653K, committed 13696K, reserved 1048576K
Event: 11632.759 GC heap after
Heap after GC invocations=401 (full 189):
 PSYoungGen      total 101376K, used 128K [0x00000000f5580000, 0x00000000fb980000, 0x0000000100000000)
  eden space 100352K, 0% used [0x00000000f5580000,0x00000000f5580000,0x00000000fb780000)
  from space 1024K, 12% used [0x00000000fb880000,0x00000000fb8a0000,0x00000000fb980000)
  to   space 1024K, 0% used [0x00000000fb780000,0x00000000fb780000,0x00000000fb880000)
 ParOldGen       total 112128K, used 49521K [0x00000000e0000000, 0x00000000e6d80000, 0x00000000f5580000)
  object space 112128K, 44% used [0x00000000e0000000,0x00000000e305c6a0,0x00000000e6d80000)
 Metaspace       used 95023K, capacity 101822K, committed 102016K, reserved 1138688K
  class space    used 11454K, capacity 13653K, committed 13696K, reserved 1048576K
}
Event: 11632.759 GC heap before
{Heap before GC invocations=402 (full 190):
 PSYoungGen      total 101376K, used 128K [0x00000000f5580000, 0x00000000fb980000, 0x0000000100000000)
  eden space 100352K, 0% used [0x00000000f5580000,0x00000000f5580000,0x00000000fb780000)
  from space 1024K, 12% used [0x00000000fb880000,0x00000000fb8a0000,0x00000000fb980000)
  to   space 1024K, 0% used [0x00000000fb780000,0x00000000fb780000,0x00000000fb880000)
 ParOldGen       total 112128K, used 49521K [0x00000000e0000000, 0x00000000e6d80000, 0x00000000f5580000)
  object space 112128K, 44% used [0x00000000e0000000,0x00000000e305c6a0,0x00000000e6d80000)
 Metaspace       used 95023K, capacity 101822K, committed 102016K, reserved 1138688K
  class space    used 11454K, capacity 13653K, committed 13696K, reserved 1048576K
Event: 11632.889 GC heap after
Heap after GC invocations=402 (full 190):
 PSYoungGen      total 101376K, used 0K [0x00000000f5580000, 0x00000000fb980000, 0x0000000100000000)
  eden space 100352K, 0% used [0x00000000f5580000,0x00000000f5580000,0x00000000fb780000)
  from space 1024K, 0% used [0x00000000fb880000,0x00000000fb880000,0x00000000fb980000)
  to   space 1024K, 0% used [0x00000000fb780000,0x00000000fb780000,0x00000000fb880000)
 ParOldGen       total 112128K, used 49521K [0x00000000e0000000, 0x00000000e6d80000, 0x00000000f5580000)
  object space 112128K, 44% used [0x00000000e0000000,0x00000000e305c6a0,0x00000000e6d80000)
 Metaspace       used 95023K, capacity 101822K, committed 102016K, reserved 1138688K
  class space    used 11454K, capacity 13653K, committed 13696K, reserved 1048576K
}

