# JRE version: Java(TM) SE Runtime Environment (8.0_45-b15) (build 1.8.0_45-b15)
# Java VM: Java HotSpot(TM) 64-Bit Server VM (25.45-b02 mixed mode windows-amd64 compressed oops)
Heap:
 PSYoungGen      total 100352K, used 90336K [0x00000000f5580000, 0x00000000fb880000, 0x0000000100000000)
  eden space 99328K, 90% used [0x00000000f5580000,0x00000000fadb8088,0x00000000fb680000)
  from space 1024K, 0% used [0x00000000fb780000,0x00000000fb780000,0x00000000fb880000)
  to   space 1024K, 0% used [0x00000000fb680000,0x00000000fb680000,0x00000000fb780000)
 ParOldGen       total 111104K, used 43311K [0x00000000e0000000, 0x00000000e6c80000, 0x00000000f5580000)
  object space 111104K, 38% used [0x00000000e0000000,0x00000000e2a4bc58,0x00000000e6c80000)
 Metaspace       used 92278K, capacity 98696K, committed 98944K, reserved 1134592K
  class space    used 11308K, capacity 13360K, committed 13440K, reserved 1048576K
GC Heap History (10 events):
Event: 9310.885 GC heap before
{Heap before GC invocations=324 (full 156):
 PSYoungGen      total 99840K, used 480K [0x00000000f5580000, 0x00000000fb880000, 0x0000000100000000)
  eden space 99328K, 0% used [0x00000000f5580000,0x00000000f5580000,0x00000000fb680000)
  from space 512K, 93% used [0x00000000fb780000,0x00000000fb7f8000,0x00000000fb800000)
  to   space 1024K, 0% used [0x00000000fb680000,0x00000000fb680000,0x00000000fb780000)
 ParOldGen       total 111104K, used 43311K [0x00000000e0000000, 0x00000000e6c80000, 0x00000000f5580000)
  object space 111104K, 38% used [0x00000000e0000000,0x00000000e2a4bc58,0x00000000e6c80000)
 Metaspace       used 87869K, capacity 94432K, committed 94592K, reserved 1130496K
  class space    used 10779K, capacity 12861K, committed 12928K, reserved 1048576K
Event: 9311.046 GC heap after
Heap after GC invocations=324 (full 156):
 PSYoungGen      total 99840K, used 0K [0x00000000f5580000, 0x00000000fb880000, 0x0000000100000000)
  eden space 99328K, 0% used [0x00000000f5580000,0x00000000f5580000,0x00000000fb680000)
  from space 512K, 0% used [0x00000000fb780000,0x00000000fb780000,0x00000000fb800000)
  to   space 1024K, 0% used [0x00000000fb680000,0x00000000fb680000,0x00000000fb780000)
 ParOldGen       total 111104K, used 43453K [0x00000000e0000000, 0x00000000e6c80000, 0x00000000f5580000)
  object space 111104K, 39% used [0x00000000e0000000,0x00000000e2a6f5f0,0x00000000e6c80000)
 Metaspace       used 87869K, capacity 94432K, committed 94592K, reserved 1130496K
  class space    used 10779K, capacity 12861K, committed 12928K, reserved 1048576K
}
Event: 9370.894 GC heap before
{Heap before GC invocations=325 (full 156):
 PSYoungGen      total 99840K, used 3483K [0x00000000f5580000, 0x00000000fb880000, 0x0000000100000000)
  eden space 99328K, 3% used [0x00000000f5580000,0x00000000f58e6e30,0x00000000fb680000)
  from space 512K, 0% used [0x00000000fb780000,0x00000000fb780000,0x00000000fb800000)
  to   space 1024K, 0% used [0x00000000fb680000,0x00000000fb680000,0x00000000fb780000)
 ParOldGen       total 111104K, used 43453K [0x00000000e0000000, 0x00000000e6c80000, 0x00000000f5580000)
  object space 111104K, 39% used [0x00000000e0000000,0x00000000e2a6f5f0,0x00000000e6c80000)
 Metaspace       used 87869K, capacity 94432K, committed 94592K, reserved 1130496K
  class space    used 10779K, capacity 12861K, committed 12928K, reserved 1048576K
Event: 9370.903 GC heap after
Heap after GC invocations=325 (full 156):
 PSYoungGen      total 100352K, used 160K [0x00000000f5580000, 0x00000000fb880000, 0x0000000100000000)
  eden space 99328K, 0% used [0x00000000f5580000,0x00000000f5580000,0x00000000fb680000)
  from space 1024K, 15% used [0x00000000fb680000,0x00000000fb6a8000,0x00000000fb780000)
  to   space 1024K, 0% used [0x00000000fb780000,0x00000000fb780000,0x00000000fb880000)
 ParOldGen       total 111104K, used 43453K [0x00000000e0000000, 0x00000000e6c80000, 0x00000000f5580000)
  object space 111104K, 39% used [0x00000000e0000000,0x00000000e2a6f5f0,0x00000000e6c80000)
 Metaspace       used 87869K, capacity 94432K, committed 94592K, reserved 1130496K
  class space    used 10779K, capacity 12861K, committed 12928K, reserved 1048576K
}
Event: 9370.903 GC heap before
{Heap before GC invocations=326 (full 157):
 PSYoungGen      total 100352K, used 160K [0x00000000f5580000, 0x00000000fb880000, 0x0000000100000000)
  eden space 99328K, 0% used [0x00000000f5580000,0x00000000f5580000,0x00000000fb680000)
  from space 1024K, 15% used [0x00000000fb680000,0x00000000fb6a8000,0x00000000fb780000)
  to   space 1024K, 0% used [0x00000000fb780000,0x00000000fb780000,0x00000000fb880000)
 ParOldGen       total 111104K, used 43453K [0x00000000e0000000, 0x00000000e6c80000, 0x00000000f5580000)
  object space 111104K, 39% used [0x00000000e0000000,0x00000000e2a6f5f0,0x00000000e6c80000)
 Metaspace       used 87869K, capacity 94432K, committed 94592K, reserved 1130496K
  class space    used 10779K, capacity 12861K, committed 12928K, reserved 1048576K
Event: 9371.073 GC heap after
Heap after GC invocations=326 (full 157):
 PSYoungGen      total 100352K, used 0K [0x00000000f5580000, 0x00000000fb880000, 0x0000000100000000)
  eden space 99328K, 0% used [0x00000000f5580000,0x00000000f5580000,0x00000000fb680000)
  from space 1024K, 0% used [0x00000000fb680000,0x00000000fb680000,0x00000000fb780000)
  to   space 1024K, 0% used [0x00000000fb780000,0x00000000fb780000,0x00000000fb880000)
 ParOldGen       total 111104K, used 43311K [0x00000000e0000000, 0x00000000e6c80000, 0x00000000f5580000)
  object space 111104K, 38% used [0x00000000e0000000,0x00000000e2a4bc58,0x00000000e6c80000)
 Metaspace       used 87869K, capacity 94432K, committed 94592K, reserved 1130496K
  class space    used 10779K, capacity 12861K, committed 12928K, reserved 1048576K
}
Event: 9430.906 GC heap before
{Heap before GC invocations=327 (full 157):
 PSYoungGen      total 100352K, used 3475K [0x00000000f5580000, 0x00000000fb880000, 0x0000000100000000)
  eden space 99328K, 3% used [0x00000000f5580000,0x00000000f58e4e70,0x00000000fb680000)
  from space 1024K, 0% used [0x00000000fb680000,0x00000000fb680000,0x00000000fb780000)
  to   space 1024K, 0% used [0x00000000fb780000,0x00000000fb780000,0x00000000fb880000)
 ParOldGen       total 111104K, used 43311K [0x00000000e0000000, 0x00000000e6c80000, 0x00000000f5580000)
  object space 111104K, 38% used [0x00000000e0000000,0x00000000e2a4bc58,0x00000000e6c80000)
 Metaspace       used 87870K, capacity 94432K, committed 94592K, reserved 1130496K
  class space    used 10779K, capacity 12861K, committed 12928K, reserved 1048576K
Event: 9430.914 GC heap after
Heap after GC invocations=327 (full 157):
 PSYoungGen      total 100352K, used 160K [0x00000000f5580000, 0x00000000fb880000, 0x0000000100000000)
  eden space 99328K, 0% used [0x00000000f5580000,0x00000000f5580000,0x00000000fb680000)
  from space 1024K, 15% used [0x00000000fb780000,0x00000000fb7a8000,0x00000000fb880000)
  to   space 1024K, 0% used [0x00000000fb680000,0x00000000fb680000,0x00000000fb780000)
 ParOldGen       total 111104K, used 43311K [0x00000000e0000000, 0x00000000e6c80000, 0x00000000f5580000)
  object space 111104K, 38% used [0x00000000e0000000,0x00000000e2a4bc58,0x00000000e6c80000)
 Metaspace       used 87870K, capacity 94432K, committed 94592K, reserved 1130496K
  class space    used 10779K, capacity 12861K, committed 12928K, reserved 1048576K
}
Event: 9430.914 GC heap before
{Heap before GC invocations=328 (full 158):
 PSYoungGen      total 100352K, used 160K [0x00000000f5580000, 0x00000000fb880000, 0x0000000100000000)
  eden space 99328K, 0% used [0x00000000f5580000,0x00000000f5580000,0x00000000fb680000)
  from space 1024K, 15% used [0x00000000fb780000,0x00000000fb7a8000,0x00000000fb880000)
  to   space 1024K, 0% used [0x00000000fb680000,0x00000000fb680000,0x00000000fb780000)
 ParOldGen       total 111104K, used 43311K [0x00000000e0000000, 0x00000000e6c80000, 0x00000000f5580000)
  object space 111104K, 38% used [0x00000000e0000000,0x00000000e2a4bc58,0x00000000e6c80000)
 Metaspace       used 87870K, capacity 94432K, committed 94592K, reserved 1130496K
  class space    used 10779K, capacity 12861K, committed 12928K, reserved 1048576K
Event: 9431.086 GC heap after
Heap after GC invocations=328 (full 158):
 PSYoungGen      total 100352K, used 0K [0x00000000f5580000, 0x00000000fb880000, 0x0000000100000000)
  eden space 99328K, 0% used [0x00000000f5580000,0x00000000f5580000,0x00000000fb680000)
  from space 1024K, 0% used [0x00000000fb780000,0x00000000fb780000,0x00000000fb880000)
  to   space 1024K, 0% used [0x00000000fb680000,0x00000000fb680000,0x00000000fb780000)
 ParOldGen       total 111104K, used 43311K [0x00000000e0000000, 0x00000000e6c80000, 0x00000000f5580000)
  object space 111104K, 38% used [0x00000000e0000000,0x00000000e2a4bc58,0x00000000e6c80000)
 Metaspace       used 87870K, capacity 94432K, committed 94592K, reserved 1130496K
  class space    used 10779K, capacity 12861K, committed 12928K, reserved 1048576K
}

