# JRE version: Java(TM) SE Runtime Environment (8.0_45-b15) (build 1.8.0_45-b15)
# Java VM: Java HotSpot(TM) 64-Bit Server VM (25.45-b02 mixed mode windows-amd64 compressed oops)
Heap:
 PSYoungGen      total 118784K, used 72997K [0x00000000f5580000, 0x00000000feb80000, 0x0000000100000000)
  eden space 88064K, 73% used [0x00000000f5580000,0x00000000f94908c8,0x00000000fab80000)
  from space 30720K, 27% used [0x00000000fc900000,0x00000000fd138c38,0x00000000fe700000)
  to   space 30208K, 0% used [0x00000000fab80000,0x00000000fab80000,0x00000000fc900000)
 ParOldGen       total 114176K, used 61067K [0x00000000e0000000, 0x00000000e6f80000, 0x00000000f5580000)
  object space 114176K, 53% used [0x00000000e0000000,0x00000000e3ba2ca0,0x00000000e6f80000)
 Metaspace       used 89455K, capacity 96104K, committed 96256K, reserved 1132544K
  class space    used 11252K, capacity 13246K, committed 13312K, reserved 1048576K
GC Heap History (10 events):
Event: 109.162 GC heap before
{Heap before GC invocations=19 (full 4):
 PSYoungGen      total 111616K, used 80896K [0x00000000f5580000, 0x00000000fe980000, 0x0000000100000000)
  eden space 80896K, 100% used [0x00000000f5580000,0x00000000fa480000,0x00000000fa480000)
  from space 30720K, 0% used [0x00000000fc580000,0x00000000fc580000,0x00000000fe380000)
  to   space 33792K, 0% used [0x00000000fa480000,0x00000000fa480000,0x00000000fc580000)
 ParOldGen       total 114176K, used 56784K [0x00000000e0000000, 0x00000000e6f80000, 0x00000000f5580000)
  object space 114176K, 49% used [0x00000000e0000000,0x00000000e37742b8,0x00000000e6f80000)
 Metaspace       used 79381K, capacity 85790K, committed 86016K, reserved 1124352K
  class space    used 9947K, capacity 11763K, committed 11776K, reserved 1048576K
Event: 109.169 GC heap after
Heap after GC invocations=19 (full 4):
 PSYoungGen      total 114688K, used 7482K [0x00000000f5580000, 0x00000000fed80000, 0x0000000100000000)
  eden space 80896K, 0% used [0x00000000f5580000,0x00000000f5580000,0x00000000fa480000)
  from space 33792K, 22% used [0x00000000fa480000,0x00000000fabceb70,0x00000000fc580000)
  to   space 33280K, 0% used [0x00000000fcd00000,0x00000000fcd00000,0x00000000fed80000)
 ParOldGen       total 114176K, used 56792K [0x00000000e0000000, 0x00000000e6f80000, 0x00000000f5580000)
  object space 114176K, 49% used [0x00000000e0000000,0x00000000e37762b8,0x00000000e6f80000)
 Metaspace       used 79381K, capacity 85790K, committed 86016K, reserved 1124352K
  class space    used 9947K, capacity 11763K, committed 11776K, reserved 1048576K
}
Event: 140.845 GC heap before
{Heap before GC invocations=20 (full 4):
 PSYoungGen      total 114688K, used 88378K [0x00000000f5580000, 0x00000000fed80000, 0x0000000100000000)
  eden space 80896K, 100% used [0x00000000f5580000,0x00000000fa480000,0x00000000fa480000)
  from space 33792K, 22% used [0x00000000fa480000,0x00000000fabceb70,0x00000000fc580000)
  to   space 33280K, 0% used [0x00000000fcd00000,0x00000000fcd00000,0x00000000fed80000)
 ParOldGen       total 114176K, used 56792K [0x00000000e0000000, 0x00000000e6f80000, 0x00000000f5580000)
  object space 114176K, 49% used [0x00000000e0000000,0x00000000e37762b8,0x00000000e6f80000)
 Metaspace       used 82859K, capacity 89492K, committed 89728K, reserved 1126400K
  class space    used 10364K, capacity 12313K, committed 12416K, reserved 1048576K
Event: 140.851 GC heap after
Heap after GC invocations=20 (full 4):
 PSYoungGen      total 116224K, used 11378K [0x00000000f5580000, 0x00000000fe900000, 0x0000000100000000)
  eden space 87552K, 0% used [0x00000000f5580000,0x00000000f5580000,0x00000000fab00000)
  from space 28672K, 39% used [0x00000000fcd00000,0x00000000fd81c808,0x00000000fe900000)
  to   space 31744K, 0% used [0x00000000fab00000,0x00000000fab00000,0x00000000fca00000)
 ParOldGen       total 114176K, used 56800K [0x00000000e0000000, 0x00000000e6f80000, 0x00000000f5580000)
  object space 114176K, 49% used [0x00000000e0000000,0x00000000e37782b8,0x00000000e6f80000)
 Metaspace       used 82859K, capacity 89492K, committed 89728K, reserved 1126400K
  class space    used 10364K, capacity 12313K, committed 12416K, reserved 1048576K
}
Event: 142.762 GC heap before
{Heap before GC invocations=21 (full 4):
 PSYoungGen      total 116224K, used 15846K [0x00000000f5580000, 0x00000000fe900000, 0x0000000100000000)
  eden space 87552K, 5% used [0x00000000f5580000,0x00000000f59dd2f8,0x00000000fab00000)
  from space 28672K, 39% used [0x00000000fcd00000,0x00000000fd81c808,0x00000000fe900000)
  to   space 31744K, 0% used [0x00000000fab00000,0x00000000fab00000,0x00000000fca00000)
 ParOldGen       total 114176K, used 56800K [0x00000000e0000000, 0x00000000e6f80000, 0x00000000f5580000)
  object space 114176K, 49% used [0x00000000e0000000,0x00000000e37782b8,0x00000000e6f80000)
 Metaspace       used 82900K, capacity 89492K, committed 89728K, reserved 1126400K
  class space    used 10366K, capacity 12313K, committed 12416K, reserved 1048576K
Event: 142.779 GC heap after
Heap after GC invocations=21 (full 4):
 PSYoungGen      total 96256K, used 8471K [0x00000000f5580000, 0x00000000fe700000, 0x0000000100000000)
  eden space 87552K, 0% used [0x00000000f5580000,0x00000000f5580000,0x00000000fab00000)
  from space 8704K, 97% used [0x00000000fab00000,0x00000000fb345c88,0x00000000fb380000)
  to   space 30720K, 0% used [0x00000000fc900000,0x00000000fc900000,0x00000000fe700000)
 ParOldGen       total 114176K, used 56808K [0x00000000e0000000, 0x00000000e6f80000, 0x00000000f5580000)
  object space 114176K, 49% used [0x00000000e0000000,0x00000000e377a2b8,0x00000000e6f80000)
 Metaspace       used 82900K, capacity 89492K, committed 89728K, reserved 1126400K
  class space    used 10366K, capacity 12313K, committed 12416K, reserved 1048576K
}
Event: 142.779 GC heap before
{Heap before GC invocations=22 (full 5):
 PSYoungGen      total 96256K, used 8471K [0x00000000f5580000, 0x00000000fe700000, 0x0000000100000000)
  eden space 87552K, 0% used [0x00000000f5580000,0x00000000f5580000,0x00000000fab00000)
  from space 8704K, 97% used [0x00000000fab00000,0x00000000fb345c88,0x00000000fb380000)
  to   space 30720K, 0% used [0x00000000fc900000,0x00000000fc900000,0x00000000fe700000)
 ParOldGen       total 114176K, used 56808K [0x00000000e0000000, 0x00000000e6f80000, 0x00000000f5580000)
  object space 114176K, 49% used [0x00000000e0000000,0x00000000e377a2b8,0x00000000e6f80000)
 Metaspace       used 82900K, capacity 89492K, committed 89728K, reserved 1126400K
  class space    used 10366K, capacity 12313K, committed 12416K, reserved 1048576K
Event: 143.043 GC heap after
Heap after GC invocations=22 (full 5):
 PSYoungGen      total 96256K, used 0K [0x00000000f5580000, 0x00000000fe700000, 0x0000000100000000)
  eden space 87552K, 0% used [0x00000000f5580000,0x00000000f5580000,0x00000000fab00000)
  from space 8704K, 0% used [0x00000000fab00000,0x00000000fab00000,0x00000000fb380000)
  to   space 30720K, 0% used [0x00000000fc900000,0x00000000fc900000,0x00000000fe700000)
 ParOldGen       total 114176K, used 61059K [0x00000000e0000000, 0x00000000e6f80000, 0x00000000f5580000)
  object space 114176K, 53% used [0x00000000e0000000,0x00000000e3ba0ca0,0x00000000e6f80000)
 Metaspace       used 82900K, capacity 89492K, committed 89728K, reserved 1126400K
  class space    used 10366K, capacity 12313K, committed 12416K, reserved 1048576K
}
Event: 178.742 GC heap before
{Heap before GC invocations=23 (full 5):
 PSYoungGen      total 96256K, used 87552K [0x00000000f5580000, 0x00000000fe700000, 0x0000000100000000)
  eden space 87552K, 100% used [0x00000000f5580000,0x00000000fab00000,0x00000000fab00000)
  from space 8704K, 0% used [0x00000000fab00000,0x00000000fab00000,0x00000000fb380000)
  to   space 30720K, 0% used [0x00000000fc900000,0x00000000fc900000,0x00000000fe700000)
 ParOldGen       total 114176K, used 61059K [0x00000000e0000000, 0x00000000e6f80000, 0x00000000f5580000)
  object space 114176K, 53% used [0x00000000e0000000,0x00000000e3ba0ca0,0x00000000e6f80000)
 Metaspace       used 87798K, capacity 94512K, committed 94720K, reserved 1130496K
  class space    used 11103K, capacity 13041K, committed 13056K, reserved 1048576K
Event: 178.755 GC heap after
Heap after GC invocations=23 (full 5):
 PSYoungGen      total 118784K, used 8419K [0x00000000f5580000, 0x00000000feb80000, 0x0000000100000000)
  eden space 88064K, 0% used [0x00000000f5580000,0x00000000f5580000,0x00000000fab80000)
  from space 30720K, 27% used [0x00000000fc900000,0x00000000fd138c38,0x00000000fe700000)
  to   space 30208K, 0% used [0x00000000fab80000,0x00000000fab80000,0x00000000fc900000)
 ParOldGen       total 114176K, used 61067K [0x00000000e0000000, 0x00000000e6f80000, 0x00000000f5580000)
  object space 114176K, 53% used [0x00000000e0000000,0x00000000e3ba2ca0,0x00000000e6f80000)
 Metaspace       used 87798K, capacity 94512K, committed 94720K, reserved 1130496K
  class space    used 11103K, capacity 13041K, committed 13056K, reserved 1048576K
}

