# JRE version: Java(TM) SE Runtime Environment (8.0_45-b15) (build 1.8.0_45-b15)
# Java VM: Java HotSpot(TM) 64-Bit Server VM (25.45-b02 mixed mode windows-amd64 compressed oops)
Heap:
 PSYoungGen      total 153088K, used 27230K [0x00000000f5580000, 0x0000000100000000, 0x0000000100000000)
  eden space 131584K, 13% used [0x00000000f5580000,0x00000000f66e6770,0x00000000fd600000)
  from space 21504K, 43% used [0x00000000feb00000,0x00000000ff4310a8,0x0000000100000000)
  to   space 21504K, 0% used [0x00000000fd600000,0x00000000fd600000,0x00000000feb00000)
 ParOldGen       total 88576K, used 38369K [0x00000000e0000000, 0x00000000e5680000, 0x00000000f5580000)
  object space 88576K, 43% used [0x00000000e0000000,0x00000000e2578588,0x00000000e5680000)
 Metaspace       used 88468K, capacity 95416K, committed 95488K, reserved 1132544K
  class space    used 11186K, capacity 13240K, committed 13312K, reserved 1048576K
GC Heap History (10 events):
Event: 897.979 GC heap before
{Heap before GC invocations=41 (full 16):
 PSYoungGen      total 110592K, used 96K [0x00000000f5580000, 0x00000000fe800000, 0x0000000100000000)
  eden space 110080K, 0% used [0x00000000f5580000,0x00000000f5580000,0x00000000fc100000)
  from space 512K, 18% used [0x00000000fc100000,0x00000000fc118000,0x00000000fc180000)
  to   space 19968K, 0% used [0x00000000fd480000,0x00000000fd480000,0x00000000fe800000)
 ParOldGen       total 88576K, used 38217K [0x00000000e0000000, 0x00000000e5680000, 0x00000000f5580000)
  object space 88576K, 43% used [0x00000000e0000000,0x00000000e2552750,0x00000000e5680000)
 Metaspace       used 81489K, capacity 88222K, committed 88576K, reserved 1126400K
  class space    used 10234K, capacity 12181K, committed 12288K, reserved 1048576K
Event: 898.061 GC heap after
Heap after GC invocations=41 (full 16):
 PSYoungGen      total 110592K, used 0K [0x00000000f5580000, 0x00000000fe800000, 0x0000000100000000)
  eden space 110080K, 0% used [0x00000000f5580000,0x00000000f5580000,0x00000000fc100000)
  from space 512K, 0% used [0x00000000fc100000,0x00000000fc100000,0x00000000fc180000)
  to   space 19968K, 0% used [0x00000000fd480000,0x00000000fd480000,0x00000000fe800000)
 ParOldGen       total 88576K, used 38201K [0x00000000e0000000, 0x00000000e5680000, 0x00000000f5580000)
  object space 88576K, 43% used [0x00000000e0000000,0x00000000e254e600,0x00000000e5680000)
 Metaspace       used 81489K, capacity 88222K, committed 88576K, reserved 1126400K
  class space    used 10234K, capacity 12181K, committed 12288K, reserved 1048576K
}
Event: 957.985 GC heap before
{Heap before GC invocations=42 (full 16):
 PSYoungGen      total 110592K, used 11033K [0x00000000f5580000, 0x00000000fe800000, 0x0000000100000000)
  eden space 110080K, 10% used [0x00000000f5580000,0x00000000f60467d0,0x00000000fc100000)
  from space 512K, 0% used [0x00000000fc100000,0x00000000fc100000,0x00000000fc180000)
  to   space 19968K, 0% used [0x00000000fd480000,0x00000000fd480000,0x00000000fe800000)
 ParOldGen       total 88576K, used 38201K [0x00000000e0000000, 0x00000000e5680000, 0x00000000f5580000)
  object space 88576K, 43% used [0x00000000e0000000,0x00000000e254e600,0x00000000e5680000)
 Metaspace       used 81515K, capacity 88222K, committed 88576K, reserved 1126400K
  class space    used 10234K, capacity 12181K, committed 12288K, reserved 1048576K
Event: 957.991 GC heap after
Heap after GC invocations=42 (full 16):
 PSYoungGen      total 128000K, used 512K [0x00000000f5580000, 0x00000000fe600000, 0x0000000100000000)
  eden space 110080K, 0% used [0x00000000f5580000,0x00000000f5580000,0x00000000fc100000)
  from space 17920K, 2% used [0x00000000fd480000,0x00000000fd500000,0x00000000fe600000)
  to   space 18944K, 0% used [0x00000000fc100000,0x00000000fc100000,0x00000000fd380000)
 ParOldGen       total 88576K, used 38201K [0x00000000e0000000, 0x00000000e5680000, 0x00000000f5580000)
  object space 88576K, 43% used [0x00000000e0000000,0x00000000e254e600,0x00000000e5680000)
 Metaspace       used 81515K, capacity 88222K, committed 88576K, reserved 1126400K
  class space    used 10234K, capacity 12181K, committed 12288K, reserved 1048576K
}
Event: 957.991 GC heap before
{Heap before GC invocations=43 (full 17):
 PSYoungGen      total 128000K, used 512K [0x00000000f5580000, 0x00000000fe600000, 0x0000000100000000)
  eden space 110080K, 0% used [0x00000000f5580000,0x00000000f5580000,0x00000000fc100000)
  from space 17920K, 2% used [0x00000000fd480000,0x00000000fd500000,0x00000000fe600000)
  to   space 18944K, 0% used [0x00000000fc100000,0x00000000fc100000,0x00000000fd380000)
 ParOldGen       total 88576K, used 38201K [0x00000000e0000000, 0x00000000e5680000, 0x00000000f5580000)
  object space 88576K, 43% used [0x00000000e0000000,0x00000000e254e600,0x00000000e5680000)
 Metaspace       used 81515K, capacity 88222K, committed 88576K, reserved 1126400K
  class space    used 10234K, capacity 12181K, committed 12288K, reserved 1048576K
Event: 958.086 GC heap after
Heap after GC invocations=43 (full 17):
 PSYoungGen      total 128000K, used 0K [0x00000000f5580000, 0x00000000fe600000, 0x0000000100000000)
  eden space 110080K, 0% used [0x00000000f5580000,0x00000000f5580000,0x00000000fc100000)
  from space 17920K, 0% used [0x00000000fd480000,0x00000000fd480000,0x00000000fe600000)
  to   space 18944K, 0% used [0x00000000fc100000,0x00000000fc100000,0x00000000fd380000)
 ParOldGen       total 88576K, used 38353K [0x00000000e0000000, 0x00000000e5680000, 0x00000000f5580000)
  object space 88576K, 43% used [0x00000000e0000000,0x00000000e2574588,0x00000000e5680000)
 Metaspace       used 81515K, capacity 88222K, committed 88576K, reserved 1126400K
  class space    used 10234K, capacity 12181K, committed 12288K, reserved 1048576K
}
Event: 1306.831 GC heap before
{Heap before GC invocations=44 (full 17):
 PSYoungGen      total 128000K, used 110080K [0x00000000f5580000, 0x00000000fe600000, 0x0000000100000000)
  eden space 110080K, 100% used [0x00000000f5580000,0x00000000fc100000,0x00000000fc100000)
  from space 17920K, 0% used [0x00000000fd480000,0x00000000fd480000,0x00000000fe600000)
  to   space 18944K, 0% used [0x00000000fc100000,0x00000000fc100000,0x00000000fd380000)
 ParOldGen       total 88576K, used 38353K [0x00000000e0000000, 0x00000000e5680000, 0x00000000f5580000)
  object space 88576K, 43% used [0x00000000e0000000,0x00000000e2574588,0x00000000e5680000)
 Metaspace       used 87307K, capacity 94250K, committed 94336K, reserved 1130496K
  class space    used 11075K, capacity 13137K, committed 13184K, reserved 1048576K
Event: 1306.842 GC heap after
Heap after GC invocations=44 (full 17):
 PSYoungGen      total 129024K, used 14925K [0x00000000f5580000, 0x0000000100000000, 0x0000000100000000)
  eden space 110080K, 0% used [0x00000000f5580000,0x00000000f5580000,0x00000000fc100000)
  from space 18944K, 78% used [0x00000000fc100000,0x00000000fcf936b8,0x00000000fd380000)
  to   space 21504K, 0% used [0x00000000feb00000,0x00000000feb00000,0x0000000100000000)
 ParOldGen       total 88576K, used 38361K [0x00000000e0000000, 0x00000000e5680000, 0x00000000f5580000)
  object space 88576K, 43% used [0x00000000e0000000,0x00000000e2576588,0x00000000e5680000)
 Metaspace       used 87307K, capacity 94250K, committed 94336K, reserved 1130496K
  class space    used 11075K, capacity 13137K, committed 13184K, reserved 1048576K
}
Event: 2637.273 GC heap before
{Heap before GC invocations=45 (full 17):
 PSYoungGen      total 129024K, used 125005K [0x00000000f5580000, 0x0000000100000000, 0x0000000100000000)
  eden space 110080K, 100% used [0x00000000f5580000,0x00000000fc100000,0x00000000fc100000)
  from space 18944K, 78% used [0x00000000fc100000,0x00000000fcf936b8,0x00000000fd380000)
  to   space 21504K, 0% used [0x00000000feb00000,0x00000000feb00000,0x0000000100000000)
 ParOldGen       total 88576K, used 38361K [0x00000000e0000000, 0x00000000e5680000, 0x00000000f5580000)
  object space 88576K, 43% used [0x00000000e0000000,0x00000000e2576588,0x00000000e5680000)
 Metaspace       used 87980K, capacity 94918K, committed 95232K, reserved 1130496K
  class space    used 11139K, capacity 13205K, committed 13312K, reserved 1048576K
Event: 2637.278 GC heap after
Heap after GC invocations=45 (full 17):
 PSYoungGen      total 153088K, used 9412K [0x00000000f5580000, 0x0000000100000000, 0x0000000100000000)
  eden space 131584K, 0% used [0x00000000f5580000,0x00000000f5580000,0x00000000fd600000)
  from space 21504K, 43% used [0x00000000feb00000,0x00000000ff4310a8,0x0000000100000000)
  to   space 21504K, 0% used [0x00000000fd600000,0x00000000fd600000,0x00000000feb00000)
 ParOldGen       total 88576K, used 38369K [0x00000000e0000000, 0x00000000e5680000, 0x00000000f5580000)
  object space 88576K, 43% used [0x00000000e0000000,0x00000000e2578588,0x00000000e5680000)
 Metaspace       used 87980K, capacity 94918K, committed 95232K, reserved 1130496K
  class space    used 11139K, capacity 13205K, committed 13312K, reserved 1048576K
}

