# JRE version: Java(TM) SE Runtime Environment (8.0_45-b15) (build 1.8.0_45-b15)
# Java VM: Java HotSpot(TM) 64-Bit Server VM (25.45-b02 mixed mode windows-amd64 compressed oops)
Heap:
 PSYoungGen      total 76288K, used 43565K [0x00000000f5580000, 0x00000000fa300000, 0x0000000100000000)
  eden space 73216K, 59% used [0x00000000f5580000,0x00000000f800b558,0x00000000f9d00000)
  from space 3072K, 0% used [0x00000000fa000000,0x00000000fa000000,0x00000000fa300000)
  to   space 3072K, 0% used [0x00000000f9d00000,0x00000000f9d00000,0x00000000fa000000)
 ParOldGen       total 96256K, used 42956K [0x00000000e0000000, 0x00000000e5e00000, 0x00000000f5580000)
  object space 96256K, 44% used [0x00000000e0000000,0x00000000e29f33c0,0x00000000e5e00000)
 Metaspace       used 88639K, capacity 95100K, committed 95488K, reserved 1132544K
  class space    used 10977K, capacity 13006K, committed 13056K, reserved 1048576K
GC Heap History (10 events):
Event: 2613.067 GC heap before
{Heap before GC invocations=105 (full 43):
 PSYoungGen      total 76800K, used 192K [0x00000000f5580000, 0x00000000fa400000, 0x0000000100000000)
  eden space 73216K, 0% used [0x00000000f5580000,0x00000000f5580000,0x00000000f9d00000)
  from space 3584K, 5% used [0x00000000fa080000,0x00000000fa0b0000,0x00000000fa400000)
  to   space 3584K, 0% used [0x00000000f9d00000,0x00000000f9d00000,0x00000000fa080000)
 ParOldGen       total 96256K, used 42814K [0x00000000e0000000, 0x00000000e5e00000, 0x00000000f5580000)
  object space 96256K, 44% used [0x00000000e0000000,0x00000000e29cf998,0x00000000e5e00000)
 Metaspace       used 87695K, capacity 94334K, committed 94592K, reserved 1130496K
  class space    used 10878K, capacity 12903K, committed 12928K, reserved 1048576K
Event: 2613.268 GC heap after
Heap after GC invocations=105 (full 43):
 PSYoungGen      total 76800K, used 0K [0x00000000f5580000, 0x00000000fa400000, 0x0000000100000000)
  eden space 73216K, 0% used [0x00000000f5580000,0x00000000f5580000,0x00000000f9d00000)
  from space 3584K, 0% used [0x00000000fa080000,0x00000000fa080000,0x00000000fa400000)
  to   space 3584K, 0% used [0x00000000f9d00000,0x00000000f9d00000,0x00000000fa080000)
 ParOldGen       total 96256K, used 42814K [0x00000000e0000000, 0x00000000e5e00000, 0x00000000f5580000)
  object space 96256K, 44% used [0x00000000e0000000,0x00000000e29cf998,0x00000000e5e00000)
 Metaspace       used 87695K, capacity 94334K, committed 94592K, reserved 1130496K
  class space    used 10878K, capacity 12903K, committed 12928K, reserved 1048576K
}
Event: 2673.077 GC heap before
{Heap before GC invocations=106 (full 43):
 PSYoungGen      total 76800K, used 3339K [0x00000000f5580000, 0x00000000fa400000, 0x0000000100000000)
  eden space 73216K, 4% used [0x00000000f5580000,0x00000000f58c2ea0,0x00000000f9d00000)
  from space 3584K, 0% used [0x00000000fa080000,0x00000000fa080000,0x00000000fa400000)
  to   space 3584K, 0% used [0x00000000f9d00000,0x00000000f9d00000,0x00000000fa080000)
 ParOldGen       total 96256K, used 42814K [0x00000000e0000000, 0x00000000e5e00000, 0x00000000f5580000)
  object space 96256K, 44% used [0x00000000e0000000,0x00000000e29cf998,0x00000000e5e00000)
 Metaspace       used 87695K, capacity 94334K, committed 94592K, reserved 1130496K
  class space    used 10878K, capacity 12903K, committed 12928K, reserved 1048576K
Event: 2673.080 GC heap after
Heap after GC invocations=106 (full 43):
 PSYoungGen      total 73728K, used 192K [0x00000000f5580000, 0x00000000fa300000, 0x0000000100000000)
  eden space 73216K, 0% used [0x00000000f5580000,0x00000000f5580000,0x00000000f9d00000)
  from space 512K, 37% used [0x00000000f9d00000,0x00000000f9d30000,0x00000000f9d80000)
  to   space 3072K, 0% used [0x00000000fa000000,0x00000000fa000000,0x00000000fa300000)
 ParOldGen       total 96256K, used 42814K [0x00000000e0000000, 0x00000000e5e00000, 0x00000000f5580000)
  object space 96256K, 44% used [0x00000000e0000000,0x00000000e29cf998,0x00000000e5e00000)
 Metaspace       used 87695K, capacity 94334K, committed 94592K, reserved 1130496K
  class space    used 10878K, capacity 12903K, committed 12928K, reserved 1048576K
}
Event: 2673.080 GC heap before
{Heap before GC invocations=107 (full 44):
 PSYoungGen      total 73728K, used 192K [0x00000000f5580000, 0x00000000fa300000, 0x0000000100000000)
  eden space 73216K, 0% used [0x00000000f5580000,0x00000000f5580000,0x00000000f9d00000)
  from space 512K, 37% used [0x00000000f9d00000,0x00000000f9d30000,0x00000000f9d80000)
  to   space 3072K, 0% used [0x00000000fa000000,0x00000000fa000000,0x00000000fa300000)
 ParOldGen       total 96256K, used 42814K [0x00000000e0000000, 0x00000000e5e00000, 0x00000000f5580000)
  object space 96256K, 44% used [0x00000000e0000000,0x00000000e29cf998,0x00000000e5e00000)
 Metaspace       used 87695K, capacity 94334K, committed 94592K, reserved 1130496K
  class space    used 10878K, capacity 12903K, committed 12928K, reserved 1048576K
Event: 2673.240 GC heap after
Heap after GC invocations=107 (full 44):
 PSYoungGen      total 73728K, used 0K [0x00000000f5580000, 0x00000000fa300000, 0x0000000100000000)
  eden space 73216K, 0% used [0x00000000f5580000,0x00000000f5580000,0x00000000f9d00000)
  from space 512K, 0% used [0x00000000f9d00000,0x00000000f9d00000,0x00000000f9d80000)
  to   space 3072K, 0% used [0x00000000fa000000,0x00000000fa000000,0x00000000fa300000)
 ParOldGen       total 96256K, used 42814K [0x00000000e0000000, 0x00000000e5e00000, 0x00000000f5580000)
  object space 96256K, 44% used [0x00000000e0000000,0x00000000e29cf998,0x00000000e5e00000)
 Metaspace       used 87695K, capacity 94334K, committed 94592K, reserved 1130496K
  class space    used 10878K, capacity 12903K, committed 12928K, reserved 1048576K
}
Event: 2733.090 GC heap before
{Heap before GC invocations=108 (full 44):
 PSYoungGen      total 73728K, used 9656K [0x00000000f5580000, 0x00000000fa300000, 0x0000000100000000)
  eden space 73216K, 13% used [0x00000000f5580000,0x00000000f5eee0a0,0x00000000f9d00000)
  from space 512K, 0% used [0x00000000f9d00000,0x00000000f9d00000,0x00000000f9d80000)
  to   space 3072K, 0% used [0x00000000fa000000,0x00000000fa000000,0x00000000fa300000)
 ParOldGen       total 96256K, used 42814K [0x00000000e0000000, 0x00000000e5e00000, 0x00000000f5580000)
  object space 96256K, 44% used [0x00000000e0000000,0x00000000e29cf998,0x00000000e5e00000)
 Metaspace       used 87697K, capacity 94334K, committed 94592K, reserved 1130496K
  class space    used 10878K, capacity 12903K, committed 12928K, reserved 1048576K
Event: 2733.093 GC heap after
Heap after GC invocations=108 (full 44):
 PSYoungGen      total 76288K, used 480K [0x00000000f5580000, 0x00000000fa300000, 0x0000000100000000)
  eden space 73216K, 0% used [0x00000000f5580000,0x00000000f5580000,0x00000000f9d00000)
  from space 3072K, 15% used [0x00000000fa000000,0x00000000fa078000,0x00000000fa300000)
  to   space 3072K, 0% used [0x00000000f9d00000,0x00000000f9d00000,0x00000000fa000000)
 ParOldGen       total 96256K, used 42814K [0x00000000e0000000, 0x00000000e5e00000, 0x00000000f5580000)
  object space 96256K, 44% used [0x00000000e0000000,0x00000000e29cf998,0x00000000e5e00000)
 Metaspace       used 87697K, capacity 94334K, committed 94592K, reserved 1130496K
  class space    used 10878K, capacity 12903K, committed 12928K, reserved 1048576K
}
Event: 2733.093 GC heap before
{Heap before GC invocations=109 (full 45):
 PSYoungGen      total 76288K, used 480K [0x00000000f5580000, 0x00000000fa300000, 0x0000000100000000)
  eden space 73216K, 0% used [0x00000000f5580000,0x00000000f5580000,0x00000000f9d00000)
  from space 3072K, 15% used [0x00000000fa000000,0x00000000fa078000,0x00000000fa300000)
  to   space 3072K, 0% used [0x00000000f9d00000,0x00000000f9d00000,0x00000000fa000000)
 ParOldGen       total 96256K, used 42814K [0x00000000e0000000, 0x00000000e5e00000, 0x00000000f5580000)
  object space 96256K, 44% used [0x00000000e0000000,0x00000000e29cf998,0x00000000e5e00000)
 Metaspace       used 87697K, capacity 94334K, committed 94592K, reserved 1130496K
  class space    used 10878K, capacity 12903K, committed 12928K, reserved 1048576K
Event: 2733.229 GC heap after
Heap after GC invocations=109 (full 45):
 PSYoungGen      total 76288K, used 0K [0x00000000f5580000, 0x00000000fa300000, 0x0000000100000000)
  eden space 73216K, 0% used [0x00000000f5580000,0x00000000f5580000,0x00000000f9d00000)
  from space 3072K, 0% used [0x00000000fa000000,0x00000000fa000000,0x00000000fa300000)
  to   space 3072K, 0% used [0x00000000f9d00000,0x00000000f9d00000,0x00000000fa000000)
 ParOldGen       total 96256K, used 42956K [0x00000000e0000000, 0x00000000e5e00000, 0x00000000f5580000)
  object space 96256K, 44% used [0x00000000e0000000,0x00000000e29f33c0,0x00000000e5e00000)
 Metaspace       used 87697K, capacity 94334K, committed 94592K, reserved 1130496K
  class space    used 10878K, capacity 12903K, committed 12928K, reserved 1048576K
}

